        -:    0:Source:src/db.c
        -:    0:Graph:C:\Users\admin\Desktop\��ҵ���\build\cov_db.gcno
        -:    0:Data:C:\Users\admin\Desktop\��ҵ���\build\cov_db.gcda
        -:    0:Runs:3
        -:    1:#include "app.h"
        -:    2:#include <stdarg.h>
        -:    3:#include <string.h>
        -:    4:#include <stdio.h>
        -:    5:#include <stdlib.h>
        -:    6:#include <sodium.h>
        -:    7:#include <windows.h>
        -:    8:#ifndef WATCHDOG_MS
        -:    9:#define WATCHDOG_MS 5000
        -:   10:#endif
        -:   11:/* r6 语句看门狗：单条语句墙钟超过 WATCHDOG_MS（含锁等待）由 progress 回调打断，
        -:   12:   防止慢查询长期占用写锁；常规短事务不受影响。单测构建以 -DWATCHDOG_MS=50 收紧验证。 */
        -:   13:static _Thread_local unsigned long long tls_tick0;
function prog_cb called 9 returned 100% blocks executed 100%
        9:   14:static int prog_cb(void *p){(void)p;return GetTickCount64()-tls_tick0>WATCHDOG_MS;}
call    0 returned 100%
        -:   15:/* r6 语句缓存：每连接按 SQL 文本缓存预处理语句（LRU，上限 32），消除重复 prepare；
        -:   16:   任一步骤出错即淘汰对应条目，保守优先。 */
        -:   17:#define STMT_CACHE_MAX 32
        -:   18:typedef struct { char *sql; sqlite3_stmt *stmt; unsigned lru; } CacheEntry;
        -:   19:typedef struct { CacheEntry items[STMT_CACHE_MAX]; unsigned tick; } StmtCache;
function cache_fetch called 1948 returned 100% blocks executed 88%
     1948:   20:static sqlite3_stmt *cache_fetch(DB *d,const char *sql){
     1948:   21: StmtCache *c=(StmtCache*)d->cache;unsigned best=0;int bi=-1;
    29979:   22: for(int i=0;i<STMT_CACHE_MAX;i++){
branch  0 taken 99%
branch  1 taken 1% (fallthrough)
    29643:   23:  CacheEntry *e=&c->items[i];
    29643:   24:  if(e->sql&&e->lru>best){best=e->lru;bi=i;}
branch  0 taken 85% (fallthrough)
branch  1 taken 15%
branch  2 taken 70% (fallthrough)
branch  3 taken 30%
    29643:   25:  if(e->sql&&!strcmp(e->sql,sql)){
branch  0 taken 85% (fallthrough)
branch  1 taken 15%
branch  2 taken 6% (fallthrough)
branch  3 taken 94%
    1612*:   26:   if(sqlite3_reset(e->stmt)!=SQLITE_OK||sqlite3_clear_bindings(e->stmt)!=SQLITE_OK){sqlite3_finalize(e->stmt);free(e->sql);e->sql=NULL;e->stmt=NULL;return NULL;}
call    0 returned 100%
branch  1 taken 100% (fallthrough)
branch  2 taken 0%
call    3 returned 100%
branch  4 taken 0% (fallthrough)
branch  5 taken 100%
call    6 never executed
     1612:   27:   e->lru=++c->tick;return e->stmt;
        -:   28:  }
        -:   29: }
      336:   30: (void)bi;return NULL;
        -:   31:}
function cache_store called 335 returned 100% blocks executed 79%
      335:   32:static void cache_store(DB *d,const char *sql,sqlite3_stmt *stmt){
      335:   33: StmtCache *c=(StmtCache*)d->cache;int slot=-1, victim=-1;unsigned minl=~0u;
     6856:   34: for(int i=0;i<STMT_CACHE_MAX&&slot<0;i++){
branch  0 taken 98% (fallthrough)
branch  1 taken 2%
branch  2 taken 97%
branch  3 taken 3% (fallthrough)
     6521:   35:  if(!c->items[i].sql)slot=i;
branch  0 taken 4% (fallthrough)
branch  1 taken 96%
     6291:   36:  else if(c->items[i].lru<minl){minl=c->items[i].lru;victim=i;}
branch  0 taken 9% (fallthrough)
branch  1 taken 91%
        -:   37: }
      335:   38: if(slot<0){
branch  0 taken 31% (fallthrough)
branch  1 taken 69%
     105*:   39:  if(victim<0){sqlite3_finalize(stmt);return;}
branch  0 taken 0% (fallthrough)
branch  1 taken 100%
call    2 never executed
      105:   40:  CacheEntry *v=&c->items[victim];sqlite3_finalize(v->stmt);free(v->sql);v->sql=NULL;v->stmt=NULL;slot=victim;
call    0 returned 100%
        -:   41: }
      335:   42: c->items[slot].sql=_strdup(sql);c->items[slot].stmt=stmt;c->items[slot].lru=++c->tick;
call    0 returned 100%
     335*:   43: if(!c->items[slot].sql){sqlite3_finalize(stmt);c->items[slot].stmt=NULL;return;}
branch  0 taken 0% (fallthrough)
branch  1 taken 100%
call    2 never executed
        -:   44:}
function cache_drop called 1 returned 100% blocks executed 100%
        1:   45:static void cache_drop(DB *d,sqlite3_stmt *stmt){
        1:   46: StmtCache *c=(StmtCache*)d->cache;
       25:   47: for(int i=0;i<STMT_CACHE_MAX;i++)if(c->items[i].stmt==stmt){sqlite3_finalize(stmt);free(c->items[i].sql);c->items[i].sql=NULL;c->items[i].stmt=NULL;return;}
branch  0 taken 4% (fallthrough)
branch  1 taken 96%
call    2 returned 100%
branch  3 taken 100%
branch  4 taken 0% (fallthrough)
        -:   48:}
function cache_clear called 10 returned 100% blocks executed 89%
       10:   49:static void cache_clear(DB *d){
      10*:   50: StmtCache *c=(StmtCache*)d->cache;if(!c)return;
branch  0 taken 0% (fallthrough)
branch  1 taken 100%
      330:   51: for(int i=0;i<STMT_CACHE_MAX;i++)if(c->items[i].stmt){sqlite3_finalize(c->items[i].stmt);free(c->items[i].sql);c->items[i].sql=NULL;c->items[i].stmt=NULL;}
branch  0 taken 52% (fallthrough)
branch  1 taken 48%
call    2 returned 100%
branch  3 taken 97%
branch  4 taken 3% (fallthrough)
        -:   52:}
function stmt_get called 1948 returned 100% blocks executed 100%
     1948:   53:static sqlite3_stmt *stmt_get(DB *d,const char *sql){
     1948:   54: sqlite3_stmt *s=cache_fetch(d,sql);
call    0 returned 100%
     1948:   55: if(s)return s;
branch  0 taken 83% (fallthrough)
branch  1 taken 17%
      336:   56: if(sqlite3_prepare_v2(d->sql,sql,-1,&s,NULL)!=SQLITE_OK){d->error=sqlite3_errcode(d->sql);return NULL;}
call    0 returned 100%
branch  1 taken 1% (fallthrough)
branch  2 taken 100%
call    3 returned 100%
      335:   57: cache_store(d,sql,s);return s;
call    0 returned 100%
        -:   58:}
function stmt_done called 1946 returned 100% blocks executed 100%
     1946:   59:static void stmt_done(DB *d,sqlite3_stmt *s){(void)d;sqlite3_reset(s);}
call    0 returned 100%
function stmt_fail called 1 returned 100% blocks executed 100%
        1:   60:static void stmt_fail(DB *d,sqlite3_stmt *s){cache_drop(d,s);}
call    0 returned 100%
function prepare called 1948 returned 100% blocks executed 80%
     1948:   61:static sqlite3_stmt *prepare(DB *d,const char *sql,const char *fmt,va_list a){
     1948:   62: tls_tick0=GetTickCount64();
call    0 returned 100%
     1948:   63: sqlite3_stmt *s=stmt_get(d,sql);
call    0 returned 100%
    1948*:   64: if(!s){ d->error=d->error?d->error:SQLITE_NOMEM;return NULL; }
branch  0 taken 1% (fallthrough)
branch  1 taken 100%
branch  2 taken 100% (fallthrough)
branch  3 taken 0%
     1947:   65: int rc=0;
     7488:   66: for(int i=0;fmt&&fmt[i];i++){
branch  0 taken 100% (fallthrough)
branch  1 taken 0%
branch  2 taken 74%
branch  3 taken 26% (fallthrough)
     5541:   67:  if(fmt[i]=='i')rc=sqlite3_bind_int64(s,i+1,va_arg(a,Id));
branch  0 taken 90% (fallthrough)
branch  1 taken 10%
call    2 returned 100%
call    3 returned 100%
     552*:   68:  else if(fmt[i]=='s'){const char *v=va_arg(a,const char*);rc=v?sqlite3_bind_text(s,i+1,v,-1,SQLITE_TRANSIENT):sqlite3_bind_null(s,i+1);}
branch  0 taken 100% (fallthrough)
branch  1 taken 0%
call    2 returned 100%
branch  3 taken 100% (fallthrough)
branch  4 taken 0%
call    5 returned 100%
call    6 never executed
    #####:   69:  else rc=SQLITE_MISUSE;
    5541*:   70:  if(rc!=SQLITE_OK){d->error=rc;stmt_fail(d,s);return NULL;}
branch  0 taken 0% (fallthrough)
branch  1 taken 100%
call    2 never executed
        -:   71: }
     1947:   72: return s;
        -:   73:}
function db_open called 12 returned 100% blocks executed 77%
       12:   74:int db_open(DB *d,const char *p){
       12:   75: memset(d,0,sizeof *d);int rc=sqlite3_open_v2(p,&d->sql,SQLITE_OPEN_READWRITE|SQLITE_OPEN_CREATE|SQLITE_OPEN_FULLMUTEX,NULL);
call    0 returned 100%
      12*:   76: if(rc!=SQLITE_OK){d->error=rc;return 0;}
branch  0 taken 0% (fallthrough)
branch  1 taken 100%
       12:   77: d->cache=calloc(1,sizeof(StmtCache));
      12*:   78: if(!d->cache){sqlite3_close(d->sql);d->sql=NULL;d->error=SQLITE_NOMEM;return 0;}
branch  0 taken 0% (fallthrough)
branch  1 taken 100%
call    2 never executed
       12:   79: sqlite3_extended_result_codes(d->sql,1);sqlite3_busy_timeout(d->sql,3000);
call    0 returned 100%
call    1 returned 100%
       12:   80: sqlite3_progress_handler(d->sql,200000,prog_cb,0); /* 语句看门狗：超长查询按 20 万 VM 步打断 */
call    0 returned 100%
       12:   81: db_run(d,"PRAGMA foreign_keys=ON","");db_run(d,"PRAGMA synchronous=FULL","");return !d->error;
call    0 returned 100%
call    1 returned 100%
        -:   82:}
function db_close called 10 returned 100% blocks executed 86%
      10*:   83:void db_close(DB *d){if(d->sql){if(!sqlite3_get_autocommit(d->sql))sqlite3_exec(d->sql,"ROLLBACK",NULL,NULL,NULL);cache_clear(d);sqlite3_close(d->sql);}d->sql=NULL;d->cache=NULL;}
branch  0 taken 100% (fallthrough)
branch  1 taken 0%
call    2 returned 100%
branch  3 taken 0% (fallthrough)
branch  4 taken 100%
call    5 never executed
call    6 returned 100%
call    7 returned 100%
function db_run called 1386 returned 100% blocks executed 100%
     1386:   84:int db_run(DB *d,const char *sql,const char *fmt,...){
     1386:   85: va_list a;va_start(a,fmt);sqlite3_stmt *s=prepare(d,sql,fmt,a);va_end(a);if(!s)return 0;
call    0 returned 100%
branch  1 taken 1% (fallthrough)
branch  2 taken 100%
     1385:   86: int rc;do{rc=sqlite3_step(s);}while(rc==SQLITE_ROW);if(rc!=SQLITE_DONE)d->error=rc;
call    0 returned 100%
branch  1 taken 0%
branch  2 taken 100% (fallthrough)
branch  3 taken 1% (fallthrough)
branch  4 taken 100%
     1385:   87: if(rc!=SQLITE_DONE){stmt_fail(d,s);return 0;}
branch  0 taken 1% (fallthrough)
branch  1 taken 100%
call    2 returned 100%
     1384:   88: stmt_done(d,s);return 1;
call    0 returned 100%
        -:   89:}
function db_num called 311 returned 100% blocks executed 79%
      311:   90:Id db_num(DB *d,const char *sql,const char *fmt,...){
     311*:   91: va_list a;va_start(a,fmt);sqlite3_stmt *s=prepare(d,sql,fmt,a);va_end(a);if(!s)return 0;
call    0 returned 100%
branch  1 taken 0% (fallthrough)
branch  2 taken 100%
      311:   92: int rc=sqlite3_step(s);Id n=0;
call    0 returned 100%
      311:   93: if(rc==SQLITE_ROW){n=sqlite3_column_int64(s,0);rc=sqlite3_step(s);}
branch  0 taken 99% (fallthrough)
branch  1 taken 1%
call    2 returned 100%
call    3 returned 100%
     311*:   94: if(rc!=SQLITE_DONE){d->error=rc;stmt_fail(d,s);return 0;}
branch  0 taken 0% (fallthrough)
branch  1 taken 100%
call    2 never executed
      311:   95: stmt_done(d,s);return n;
call    0 returned 100%
        -:   96:}
function rowsv called 251 returned 100% blocks executed 78%
      251:   97:static cJSON *rowsv(DB *d,const char *sql,const char *fmt,va_list a){
     251*:   98: sqlite3_stmt *s=prepare(d,sql,fmt,a);if(!s)return NULL;cJSON *rows=cJSON_CreateArray();if(!rows){d->error=SQLITE_NOMEM;stmt_fail(d,s);return NULL;}
call    0 returned 100%
branch  1 taken 0% (fallthrough)
branch  2 taken 100%
call    3 returned 100%
branch  4 taken 0% (fallthrough)
branch  5 taken 100%
call    6 never executed
      637:   99: int rc;while((rc=sqlite3_step(s))==SQLITE_ROW){
call    0 returned 100%
branch  1 taken 61%
branch  2 taken 39% (fallthrough)
     386*:  100:  cJSON *r=cJSON_CreateObject();if(!r){d->error=SQLITE_NOMEM;break;}cJSON_AddItemToArray(rows,r);
call    0 returned 100%
branch  1 taken 0% (fallthrough)
branch  2 taken 100%
call    3 returned 100%
     2430:  101:  for(int i=0;i<sqlite3_column_count(s);i++){
call    0 returned 100%
branch  1 taken 84%
branch  2 taken 16% (fallthrough)
     2044:  102:   const char *n=sqlite3_column_name(s,i);int t=sqlite3_column_type(s,i);size_t len=strlen(n);
call    0 returned 100%
call    1 returned 100%
     2044:  103:   if(t==SQLITE_NULL)cJSON_AddNullToObject(r,n);
branch  0 taken 12% (fallthrough)
branch  1 taken 88%
call    2 returned 100%
     1800:  104:   else if(t==SQLITE_INTEGER){
branch  0 taken 65% (fallthrough)
branch  1 taken 35%
     1169:  105:    if(!strcmp(n,"id")||(len>3&&!strcmp(n+len-3,"_id")))jid(r,n,sqlite3_column_int64(s,i));
branch  0 taken 87% (fallthrough)
branch  1 taken 13%
branch  2 taken 64% (fallthrough)
branch  3 taken 36%
branch  4 taken 8% (fallthrough)
branch  5 taken 92%
call    6 returned 100%
call    7 returned 100%
      965:  106:    else if(!strcmp(n,"enabled")||!strcmp(n,"lab_enabled")||!strcmp(n,"occupied"))cJSON_AddBoolToObject(r,n,sqlite3_column_int(s,i));
branch  0 taken 93% (fallthrough)
branch  1 taken 7%
branch  2 taken 94% (fallthrough)
branch  3 taken 6%
branch  4 taken 0% (fallthrough)
branch  5 taken 100%
call    6 returned 100%
call    7 returned 100%
      844:  107:    else cJSON_AddNumberToObject(r,n,(double)sqlite3_column_int64(s,i));
call    0 returned 100%
call    1 returned 100%
      631:  108:   }else cJSON_AddStringToObject(r,n,(const char*)sqlite3_column_text(s,i));
call    0 returned 100%
call    1 returned 100%
        -:  109:  }
        -:  110: }
     251*:  111: if(rc!=SQLITE_DONE){if(!d->error)d->error=rc;stmt_fail(d,s);cJSON_Delete(rows);return NULL;}
branch  0 taken 0% (fallthrough)
branch  1 taken 100%
branch  2 never executed (fallthrough)
branch  3 never executed
call    4 never executed
call    5 never executed
      251:  112: stmt_done(d,s);
call    0 returned 100%
     251*:  113: if(d->error){cJSON_Delete(rows);return NULL;}return rows;
branch  0 taken 0% (fallthrough)
branch  1 taken 100%
call    2 never executed
        -:  114:}
function db_rows called 72 returned 100% blocks executed 100%
       72:  115:cJSON *db_rows(DB *d,const char *sql,const char *fmt,...){va_list a;va_start(a,fmt);cJSON *j=rowsv(d,sql,fmt,a);va_end(a);return j;}
call    0 returned 100%
function db_first called 179 returned 100% blocks executed 88%
     179*:  116:cJSON *db_first(DB *d,const char *sql,const char *fmt,...){va_list a;va_start(a,fmt);cJSON *j=rowsv(d,sql,fmt,a);va_end(a);if(!j)return NULL;cJSON *r=cJSON_DetachItemFromArray(j,0);cJSON_Delete(j);return r;}
call    0 returned 100%
branch  1 taken 0% (fallthrough)
branch  2 taken 100%
call    3 returned 100%
call    4 returned 100%
function has_column called 25 returned 100% blocks executed 85%
       25:  117:static int has_column(DB *d,const char *table,const char *column){
       25:  118: char sql[96];snprintf(sql,sizeof sql,"PRAGMA table_info(%s)",table);
      25*:  119: cJSON *rows=d->error?NULL:db_rows(d,sql,"");if(!rows)return 0;
branch  0 taken 100% (fallthrough)
branch  1 taken 0%
call    2 returned 100%
branch  3 taken 0% (fallthrough)
branch  4 taken 100%
     176*:  120: int found=0;cJSON *it;cJSON_ArrayForEach(it,rows)if(jstr(it,"name")&&!strcmp(jstr(it,"name"),column)){found=1;break;}
branch  0 taken 100% (fallthrough)
branch  1 taken 0%
call    2 returned 100%
branch  3 taken 100% (fallthrough)
branch  4 taken 0%
call    5 returned 100%
branch  6 taken 12% (fallthrough)
branch  7 taken 88%
branch  8 taken 97%
branch  9 taken 3% (fallthrough)
       25:  121: cJSON_Delete(rows);return found;
call    0 returned 100%
        -:  122:}
        -:  123:/* v1→v2：仅追加列，不重建表；v2→v3：场次容量制，退役单占用唯一索引。全部幂等。 */
function db_migrate called 6 returned 100% blocks executed 80%
        6:  124:static int db_migrate(DB *d){
        6:  125: if(!has_column(d,"reservations","checked_in_at")||!has_column(d,"reservations","cancel_reason")||!has_column(d,"sessions","created_at")){
call    0 returned 100%
branch  1 taken 83% (fallthrough)
branch  2 taken 17%
call    3 returned 100%
branch  4 taken 100% (fallthrough)
branch  5 taken 0%
call    6 returned 100%
branch  7 taken 0% (fallthrough)
branch  8 taken 100%
       1*:  126:  if(!db_run(d,"BEGIN IMMEDIATE",""))return 0;
call    0 returned 100%
branch  1 taken 0% (fallthrough)
branch  2 taken 100%
        1:  127:  if(!has_column(d,"reservations","checked_in_at"))db_run(d,"ALTER TABLE reservations ADD COLUMN checked_in_at INTEGER","");
call    0 returned 100%
branch  1 taken 100% (fallthrough)
branch  2 taken 0%
call    3 returned 100%
        1:  128:  if(!has_column(d,"reservations","cancel_reason"))db_run(d,"ALTER TABLE reservations ADD COLUMN cancel_reason TEXT","");
call    0 returned 100%
branch  1 taken 100% (fallthrough)
branch  2 taken 0%
call    3 returned 100%
        1:  129:  if(!has_column(d,"sessions","created_at"))db_run(d,"ALTER TABLE sessions ADD COLUMN created_at INTEGER","");
call    0 returned 100%
branch  1 taken 100% (fallthrough)
branch  2 taken 0%
call    3 returned 100%
        1:  130:  db_run(d,"UPDATE reservations SET cancel_reason='USER' WHERE status='CANCELLED' AND cancel_reason IS NULL","");
call    0 returned 100%
       1*:  131:  if(d->error){sqlite3_exec(d->sql,"ROLLBACK",NULL,NULL,NULL);return 0;}
branch  0 taken 0% (fallthrough)
branch  1 taken 100%
call    2 never executed
       1*:  132:  if(!db_run(d,"COMMIT",""))return 0;
call    0 returned 100%
branch  1 taken 0% (fallthrough)
branch  2 taken 100%
        -:  133: }
        6:  134: if(!has_column(d,"slots","capacity")){
call    0 returned 100%
branch  1 taken 17% (fallthrough)
branch  2 taken 83%
       1*:  135:  if(!db_run(d,"BEGIN IMMEDIATE",""))return 0;
call    0 returned 100%
branch  1 taken 0% (fallthrough)
branch  2 taken 100%
        1:  136:  db_run(d,"ALTER TABLE slots ADD COLUMN capacity INTEGER NOT NULL DEFAULT 1 CHECK(capacity BETWEEN 1 AND 200)","");
call    0 returned 100%
        1:  137:  db_run(d,"DROP INDEX IF EXISTS one_booking","");
call    0 returned 100%
       1*:  138:  if(d->error){sqlite3_exec(d->sql,"ROLLBACK",NULL,NULL,NULL);return 0;}
branch  0 taken 0% (fallthrough)
branch  1 taken 100%
call    2 never executed
       1*:  139:  if(!db_run(d,"COMMIT",""))return 0;
call    0 returned 100%
branch  1 taken 0% (fallthrough)
branch  2 taken 100%
        -:  140: }
        6:  141: return 1;
        -:  142:}
function db_init called 6 returned 100% blocks executed 78%
        6:  143:int db_init(DB *d){
        6:  144: const char *schema=
        -:  145: "BEGIN IMMEDIATE;"
        -:  146: "CREATE TABLE IF NOT EXISTS users(id INTEGER PRIMARY KEY,username TEXT NOT NULL UNIQUE,password_hash TEXT NOT NULL,role TEXT NOT NULL CHECK(role IN('USER','ADMIN')),enabled INTEGER NOT NULL DEFAULT 1 CHECK(enabled IN(0,1)));"
        -:  147: "CREATE TABLE IF NOT EXISTS sessions(token_hash TEXT PRIMARY KEY,user_id INTEGER NOT NULL REFERENCES users(id),csrf_token TEXT NOT NULL,expires_at INTEGER NOT NULL,created_at INTEGER);"
        -:  148: "CREATE TABLE IF NOT EXISTS labs(id INTEGER PRIMARY KEY,name TEXT NOT NULL UNIQUE,location TEXT NOT NULL,description TEXT NOT NULL DEFAULT '',enabled INTEGER NOT NULL DEFAULT 1 CHECK(enabled IN(0,1)));"
        -:  149: "CREATE TABLE IF NOT EXISTS slots(id INTEGER PRIMARY KEY,lab_id INTEGER NOT NULL REFERENCES labs(id),start_at INTEGER NOT NULL,end_at INTEGER NOT NULL,enabled INTEGER NOT NULL DEFAULT 1 CHECK(enabled IN(0,1)),capacity INTEGER NOT NULL DEFAULT 1 CHECK(capacity BETWEEN 1 AND 200),UNIQUE(lab_id,start_at),CHECK(end_at=start_at+3600));"
        -:  150: "CREATE TABLE IF NOT EXISTS reservations(id INTEGER PRIMARY KEY AUTOINCREMENT,user_id INTEGER NOT NULL REFERENCES users(id),slot_id INTEGER NOT NULL REFERENCES slots(id),status TEXT NOT NULL CHECK(status IN('CONFIRMED','CANCELLED')),source TEXT NOT NULL CHECK(source IN('DIRECT','WAITLIST')),created_at INTEGER NOT NULL,cancelled_at INTEGER,checked_in_at INTEGER,cancel_reason TEXT CHECK(cancel_reason IS NULL OR cancel_reason IN('USER','NO_SHOW')));"
        -:  151: "CREATE INDEX IF NOT EXISTS bookings_slot ON reservations(slot_id,status);"
        -:  152: "CREATE INDEX IF NOT EXISTS bookings_user ON reservations(user_id,created_at);"
        -:  153: "CREATE TABLE IF NOT EXISTS waitlist(id INTEGER PRIMARY KEY AUTOINCREMENT,user_id INTEGER NOT NULL REFERENCES users(id),slot_id INTEGER NOT NULL REFERENCES slots(id),status TEXT NOT NULL CHECK(status IN('WAITING','WITHDRAWN','PROMOTED','SKIPPED')),created_at INTEGER NOT NULL,promoted_reservation_id INTEGER REFERENCES reservations(id));"
        -:  154: "CREATE UNIQUE INDEX IF NOT EXISTS one_waiter ON waitlist(user_id,slot_id) WHERE status='WAITING';"
        -:  155: "CREATE INDEX IF NOT EXISTS wait_order ON waitlist(slot_id,status,id);"
        -:  156: "CREATE TABLE IF NOT EXISTS request_receipts(user_id INTEGER NOT NULL REFERENCES users(id),request_id TEXT NOT NULL,action TEXT NOT NULL,payload_digest TEXT NOT NULL,http_status INTEGER NOT NULL,result_json TEXT NOT NULL,created_at INTEGER NOT NULL,PRIMARY KEY(user_id,request_id));"
        -:  157: "CREATE TABLE IF NOT EXISTS operation_events(id INTEGER PRIMARY KEY AUTOINCREMENT,actor_id INTEGER NOT NULL REFERENCES users(id),action TEXT NOT NULL,entity_id INTEGER NOT NULL,request_id TEXT,created_at INTEGER NOT NULL);"
        -:  158: "CREATE TABLE IF NOT EXISTS notifications(id INTEGER PRIMARY KEY AUTOINCREMENT,user_id INTEGER NOT NULL REFERENCES users(id),kind TEXT NOT NULL CHECK(kind IN('PROMOTED','NO_SHOW')),title TEXT NOT NULL,body TEXT NOT NULL,slot_id INTEGER REFERENCES slots(id),reservation_id INTEGER REFERENCES reservations(id),read_at INTEGER,created_at INTEGER NOT NULL);"
        -:  159: "CREATE INDEX IF NOT EXISTS notify_user ON notifications(user_id,id);"
        -:  160: "PRAGMA user_version=3;COMMIT;";
       6*:  161: cJSON *wal=db_first(d,"PRAGMA journal_mode=WAL","");int ok=wal&&jstr(wal,"journal_mode")&&!strcmp(jstr(wal,"journal_mode"),"wal");cJSON_Delete(wal);if(!ok)return 0;
call    0 returned 100%
branch  1 taken 100% (fallthrough)
branch  2 taken 0%
call    3 returned 100%
branch  4 taken 100% (fallthrough)
branch  5 taken 0%
call    6 returned 100%
branch  7 taken 100% (fallthrough)
branch  8 taken 0%
call    9 returned 100%
branch 10 taken 0% (fallthrough)
branch 11 taken 100%
       6*:  162: int rc=sqlite3_exec(d->sql,schema,NULL,NULL,NULL);if(rc!=SQLITE_OK)d->error=rc;
call    0 returned 100%
branch  1 taken 0% (fallthrough)
branch  2 taken 100%
       6*:  163: if(d->error)return 0;
branch  0 taken 0% (fallthrough)
branch  1 taken 100%
        6:  164: return db_migrate(d);
call    0 returned 100%
        -:  165:}
function db_check called 7 returned 100% blocks executed 83%
        7:  166:int db_check(DB *d){
       7*:  167: cJSON *r=db_first(d,"PRAGMA integrity_check","");int ok=r&&jstr(r,"integrity_check")&&!strcmp(jstr(r,"integrity_check"),"ok");cJSON_Delete(r);
call    0 returned 100%
branch  1 taken 100% (fallthrough)
branch  2 taken 0%
call    3 returned 100%
branch  4 taken 100% (fallthrough)
branch  5 taken 0%
call    6 returned 100%
branch  7 taken 100% (fallthrough)
branch  8 taken 0%
call    9 returned 100%
       7*:  168: cJSON *fk=db_rows(d,"PRAGMA foreign_key_check","");if(!fk||cJSON_GetArraySize(fk))ok=0;cJSON_Delete(fk);
call    0 returned 100%
branch  1 taken 100% (fallthrough)
branch  2 taken 0%
call    3 returned 100%
branch  4 taken 0% (fallthrough)
branch  5 taken 100%
call    6 returned 100%
        7:  169: if(db_num(d,"SELECT count(*) FROM waitlist w JOIN reservations r ON w.user_id=r.user_id AND w.slot_id=r.slot_id WHERE w.status='WAITING' AND r.status='CONFIRMED'","")>0)ok=0;
call    0 returned 100%
branch  1 taken 14% (fallthrough)
branch  2 taken 86%
       7*:  170: if(db_num(d,"SELECT count(*) FROM waitlist w LEFT JOIN reservations r ON r.id=w.promoted_reservation_id WHERE w.status='PROMOTED' AND (r.id IS NULL OR r.user_id!=w.user_id OR r.slot_id!=w.slot_id OR r.source!='WAITLIST')","")>0)ok=0;
call    0 returned 100%
branch  1 taken 0% (fallthrough)
branch  2 taken 100%
        7:  171: if(db_num(d,"SELECT count(*) FROM slots s WHERE (SELECT count(*) FROM reservations r WHERE r.slot_id=s.id AND r.status='CONFIRMED')>s.capacity","")>0)ok=0;
call    0 returned 100%
branch  1 taken 14% (fallthrough)
branch  2 taken 86%
       7*:  172: if(db_num(d,"SELECT count(*) FROM reservations WHERE checked_in_at IS NOT NULL AND status<>'CONFIRMED'","")>0)ok=0;
call    0 returned 100%
branch  1 taken 0% (fallthrough)
branch  2 taken 100%
       7*:  173: if(db_num(d,"SELECT count(*) FROM reservations WHERE cancel_reason='NO_SHOW' AND (status<>'CANCELLED' OR checked_in_at IS NOT NULL)","")>0)ok=0;
call    0 returned 100%
branch  1 taken 0% (fallthrough)
branch  2 taken 100%
       7*:  174: if(db_num(d,"SELECT count(*) FROM reservations WHERE cancel_reason IS NOT NULL AND status<>'CANCELLED'","")>0)ok=0;
call    0 returned 100%
branch  1 taken 0% (fallthrough)
branch  2 taken 100%
       7*:  175: if(db_num(d,"SELECT count(*) FROM reservations WHERE status='CANCELLED' AND cancelled_at IS NOT NULL AND cancel_reason IS NULL","")>0)ok=0;
call    0 returned 100%
branch  1 taken 0% (fallthrough)
branch  2 taken 100%
        7:  176: return ok&&!d->error;
branch  0 taken 71% (fallthrough)
branch  1 taken 29%
branch  2 taken 100% (fallthrough)
branch  3 taken 0%
        -:  177:}
function publish_slots called 11 returned 100% blocks executed 88%
       11:  178:int publish_slots(DB *d,Id lab,Id start,Id end,Id capacity){ /* capacity 必须 Id：绑定格式 i 按 8 字节变参读取 */
       11:  179: int count=0;const int hours[]={8,9,10,11,14,15,16,17};
     1172:  180: for(Id day=start;day<=end;day+=86400)for(int h=0;h<8;h++){
branch  0 taken 89%
branch  1 taken 11% (fallthrough)
branch  2 taken 92%
branch  3 taken 8% (fallthrough)
    1032*:  181:  Id s=day+hours[h]*3600;if(s<=now_sec())continue;
call    0 returned 100%
branch  1 taken 0% (fallthrough)
branch  2 taken 100%
    1032*:  182:  if(!db_run(d,"INSERT INTO slots(lab_id,start_at,end_at,capacity) VALUES(?,?,?,?) ON CONFLICT(lab_id,start_at) DO NOTHING","iiii",lab,s,s+3600,capacity))return count;
call    0 returned 100%
branch  1 taken 0% (fallthrough)
branch  2 taken 100%
     1032:  183:  count+=sqlite3_changes(d->sql);
call    0 returned 100%
       11:  184: }return count;
        -:  185:}
function db_seed called 3 returned 100% blocks executed 82%
        3:  186:int db_seed(DB *d,const char *password){
       3*:  187: if(!password||strlen(password)<8||strlen(password)>128){fprintf(stderr,"LAB_SEED_PASSWORD must contain 8..128 bytes.\n");return 0;}
branch  0 taken 100% (fallthrough)
branch  1 taken 0%
branch  2 taken 100% (fallthrough)
branch  3 taken 0%
branch  4 taken 0% (fallthrough)
branch  5 taken 100%
call    6 never executed
call    7 never executed
       3*:  188: char hash[crypto_pwhash_STRBYTES];if(crypto_pwhash_str(hash,password,strlen(password),crypto_pwhash_OPSLIMIT_INTERACTIVE,crypto_pwhash_MEMLIMIT_INTERACTIVE))return 0;
call    0 returned 100%
branch  1 taken 0% (fallthrough)
branch  2 taken 100%
       3*:  189: if(!db_run(d,"BEGIN IMMEDIATE",""))return 0;
call    0 returned 100%
branch  1 taken 0% (fallthrough)
branch  2 taken 100%
       66:  190: for(int i=0;i<=20;i++){char name[32];if(i)snprintf(name,sizeof name,"user%02d",i);else strcpy(name,"admin");db_run(d,"INSERT INTO users(username,password_hash,role) VALUES(?,?,?) ON CONFLICT(username) DO NOTHING","sss",name,hash,i?"USER":"ADMIN");}
branch  0 taken 95% (fallthrough)
branch  1 taken 5%
branch  2 taken 95% (fallthrough)
branch  3 taken 5%
call    4 returned 100%
branch  5 taken 95%
branch  6 taken 5% (fallthrough)
        3:  191: const char *names[]={"软件工程实验室","计算机网络实验室","系统与数据实验室"};
       12:  192: for(int i=0;i<3;i++)db_run(d,"INSERT INTO labs(name,location,description) VALUES(?,?,?) ON CONFLICT(name) DO NOTHING","sss",names[i],"信息楼","整间实验室 · 固定一小时场次");
call    0 returned 100%
branch  1 taken 75%
branch  2 taken 25% (fallthrough)
        3:  193: Id today=(now_sec()+28800)/86400*86400-28800;
call    0 returned 100%
       12:  194: for(int i=0;i<3;i++){Id lab=db_num(d,"SELECT id FROM labs WHERE name=?","s",names[i]);publish_slots(d,lab,today,today+13*86400,1);}
call    0 returned 100%
call    1 returned 100%
branch  2 taken 75%
branch  3 taken 25% (fallthrough)
        3:  195: sodium_memzero(hash,sizeof hash);
call    0 returned 100%
       3*:  196: if(d->error){db_run(d,"ROLLBACK","");return 0;}
branch  0 taken 0% (fallthrough)
branch  1 taken 100%
call    2 never executed
        3:  197: return db_run(d,"COMMIT","");
call    0 returned 100%
        -:  198:}
        -:  199:/* r6 线程级连接复用：每个 HTTP 工作线程持有自己的连接（含语句缓存），
        -:  200:   首次使用时打开；请求结束后 db_thread_bad 回收未结事务，致命错误时丢弃重建。
        -:  201:   工作线程随进程存活，缓存随线程生命周期有界。 */
        -:  202:static _Thread_local DB tls_db;
        -:  203:static _Thread_local int tls_alive;
function db_thread_get called 52 returned 100% blocks executed 86%
       52:  204:DB *db_thread_get(const char *path){
       52:  205: if(tls_alive){tls_db.error=0;return &tls_db;}
branch  0 taken 92% (fallthrough)
branch  1 taken 8%
        4:  206: if(db_open(&tls_db,path)){tls_alive=1;return &tls_db;}
call    0 returned 100%
branch  1 taken 100% (fallthrough)
branch  2 taken 0%
    #####:  207: memset(&tls_db,0,sizeof tls_db);return NULL;
        -:  208:}
function db_thread_bad called 51 returned 100% blocks executed 85%
       51:  209:void db_thread_bad(DB *d){
      51*:  210: if(!d||!d->sql)return;
branch  0 taken 100% (fallthrough)
branch  1 taken 0%
branch  2 taken 0% (fallthrough)
branch  3 taken 100%
      51*:  211: if(!sqlite3_get_autocommit(d->sql))sqlite3_exec(d->sql,"ROLLBACK",NULL,NULL,NULL);
call    0 returned 100%
branch  1 taken 0% (fallthrough)
branch  2 taken 100%
call    3 never executed
       51:  212: int e=d->error&255;
       51:  213: if(e==SQLITE_CORRUPT||e==SQLITE_IOERR||e==SQLITE_CANTOPEN||e==SQLITE_NOMEM){db_close(d);memset(d,0,sizeof *d);tls_alive=0;}
branch  0 taken 100% (fallthrough)
branch  1 taken 0%
branch  2 taken 96% (fallthrough)
branch  3 taken 4%
branch  4 taken 100% (fallthrough)
branch  5 taken 0%
branch  6 taken 0% (fallthrough)
branch  7 taken 100%
call    8 returned 100%
        -:  214:}
        -:  215:/* r6/L5 在线备份：SQLite Backup API，不阻塞业务连接 */
function db_backup called 0 returned 0% blocks executed 0%
    #####:  216:int db_backup(const char *src,const char *dest){
    #####:  217: sqlite3 *s=NULL,*d=NULL;
    #####:  218: if(sqlite3_open_v2(src,&s,SQLITE_OPEN_READONLY,NULL)!=SQLITE_OK){if(s)sqlite3_close(s);return 0;}
call    0 never executed
branch  1 never executed (fallthrough)
branch  2 never executed
branch  3 never executed (fallthrough)
branch  4 never executed
call    5 never executed
    #####:  219: if(sqlite3_open(dest,&d)!=SQLITE_OK){sqlite3_close(s);if(d)sqlite3_close(d);return 0;}
call    0 never executed
branch  1 never executed (fallthrough)
branch  2 never executed
call    3 never executed
branch  4 never executed (fallthrough)
branch  5 never executed
call    6 never executed
    #####:  220: int rc=1;sqlite3_backup *b=sqlite3_backup_init(d,"main",s,"main");
call    0 never executed
    #####:  221: if(!b)rc=0;
branch  0 never executed (fallthrough)
branch  1 never executed
    #####:  222: else if(sqlite3_backup_step(b,-1)!=SQLITE_DONE)rc=0;
call    0 never executed
branch  1 never executed (fallthrough)
branch  2 never executed
    #####:  223: if(b)sqlite3_backup_finish(b);
branch  0 never executed (fallthrough)
branch  1 never executed
call    2 never executed
    #####:  224: sqlite3_close(s);sqlite3_close(d);return rc;
call    0 never executed
call    1 never executed
        -:  225:}
