        -:    0:Source:vendor/civetweb/src/handle_form.inl
        -:    0:Graph:C:\Users\admin\Desktop\毕业设计\build\cov_civetweb.gcno
        -:    0:Data:C:\Users\admin\Desktop\毕业设计\build\cov_civetweb.gcda
        -:    0:Runs:3
        -:    1:/* Copyright (c) 2016-2025 the Civetweb developers
        -:    2: *
        -:    3: * Permission is hereby granted, free of charge, to any person obtaining a copy
        -:    4: * of this software and associated documentation files (the "Software"), to deal
        -:    5: * in the Software without restriction, including without limitation the rights
        -:    6: * to use, copy, modify, merge, publish, distribute, sublicense, and/or sell
        -:    7: * copies of the Software, and to permit persons to whom the Software is
        -:    8: * furnished to do so, subject to the following conditions:
        -:    9: *
        -:   10: * The above copyright notice and this permission notice shall be included in
        -:   11: * all copies or substantial portions of the Software.
        -:   12: *
        -:   13: * THE SOFTWARE IS PROVIDED "AS IS", WITHOUT WARRANTY OF ANY KIND, EXPRESS OR
        -:   14: * IMPLIED, INCLUDING BUT NOT LIMITED TO THE WARRANTIES OF MERCHANTABILITY,
        -:   15: * FITNESS FOR A PARTICULAR PURPOSE AND NONINFRINGEMENT. IN NO EVENT SHALL THE
        -:   16: * AUTHORS OR COPYRIGHT HOLDERS BE LIABLE FOR ANY CLAIM, DAMAGES OR OTHER
        -:   17: * LIABILITY, WHETHER IN AN ACTION OF CONTRACT, TORT OR OTHERWISE, ARISING FROM,
        -:   18: * OUT OF OR IN CONNECTION WITH THE SOFTWARE OR THE USE OR OTHER DEALINGS IN
        -:   19: * THE SOFTWARE.
        -:   20: */
        -:   21:
        -:   22:static int
function url_encoded_field_found called 0 returned 0% blocks executed 0%
    #####:   23:url_encoded_field_found(const struct mg_connection *conn,
        -:   24:                        const char *key,
        -:   25:                        size_t key_len,
        -:   26:                        const char *filename,
        -:   27:                        size_t filename_len,
        -:   28:                        char *path,
        -:   29:                        size_t path_len,
        -:   30:                        struct mg_form_data_handler *fdh)
        -:   31:{
        -:   32:	char key_dec[1024];
        -:   33:	char filename_dec[1024];
        -:   34:	int key_dec_len;
        -:   35:	int filename_dec_len;
        -:   36:	int ret;
        -:   37:
        -:   38:	key_dec_len =
    #####:   39:	    mg_url_decode(key, (int)key_len, key_dec, (int)sizeof(key_dec), 1);
call    0 never executed
        -:   40:
    #####:   41:	if (((size_t)key_dec_len >= (size_t)sizeof(key_dec)) || (key_dec_len < 0)) {
branch  0 never executed (fallthrough)
branch  1 never executed
branch  2 never executed (fallthrough)
branch  3 never executed
    #####:   42:		return MG_FORM_FIELD_STORAGE_ABORT;
        -:   43:	}
        -:   44:
    #####:   45:	if (filename) {
branch  0 never executed (fallthrough)
branch  1 never executed
    #####:   46:		filename_dec_len = mg_url_decode(filename,
call    0 never executed
        -:   47:		                                 (int)filename_len,
        -:   48:		                                 filename_dec,
        -:   49:		                                 (int)sizeof(filename_dec),
        -:   50:		                                 1);
        -:   51:
    #####:   52:		if (((size_t)filename_dec_len >= (size_t)sizeof(filename_dec))
branch  0 never executed (fallthrough)
branch  1 never executed
    #####:   53:		    || (filename_dec_len < 0)) {
branch  0 never executed (fallthrough)
branch  1 never executed
        -:   54:			/* Log error message and skip this field. */
    #####:   55:			mg_cry_internal(conn, "%s: Cannot decode filename", __func__);
call    0 never executed
    #####:   56:			return MG_FORM_FIELD_STORAGE_ABORT;
        -:   57:		}
    #####:   58:		remove_dot_segments(filename_dec);
call    0 never executed
        -:   59:
        -:   60:	} else {
    #####:   61:		filename_dec[0] = 0;
        -:   62:	}
        -:   63:
        -:   64:	ret =
    #####:   65:	    fdh->field_found(key_dec, filename_dec, path, path_len, fdh->user_data);
call    0 never executed
        -:   66:
    #####:   67:	if ((ret & 0xF) == MG_FORM_FIELD_STORAGE_GET) {
branch  0 never executed (fallthrough)
branch  1 never executed
    #####:   68:		if (fdh->field_get == NULL) {
branch  0 never executed (fallthrough)
branch  1 never executed
    #####:   69:			mg_cry_internal(conn,
call    0 never executed
        -:   70:			                "%s: Function \"Get\" not available",
        -:   71:			                __func__);
    #####:   72:			return MG_FORM_FIELD_STORAGE_SKIP;
        -:   73:		}
        -:   74:	}
    #####:   75:	if ((ret & 0xF) == MG_FORM_FIELD_STORAGE_STORE) {
branch  0 never executed (fallthrough)
branch  1 never executed
    #####:   76:		if (fdh->field_store == NULL) {
branch  0 never executed (fallthrough)
branch  1 never executed
    #####:   77:			mg_cry_internal(conn,
call    0 never executed
        -:   78:			                "%s: Function \"Store\" not available",
        -:   79:			                __func__);
    #####:   80:			return MG_FORM_FIELD_STORAGE_SKIP;
        -:   81:		}
        -:   82:	}
        -:   83:
    #####:   84:	return ret;
        -:   85:}
        -:   86:
        -:   87:static int
function url_encoded_field_get called 0 returned 0% blocks executed 0%
    #####:   88:url_encoded_field_get(
        -:   89:    const struct mg_connection *conn,
        -:   90:    const char *key,
        -:   91:    size_t key_len,
        -:   92:    const char *value,
        -:   93:    size_t *value_len, /* IN: number of bytes available in "value", OUT: number
        -:   94:                          of bytes processed */
        -:   95:    struct mg_form_data_handler *fdh)
        -:   96:{
        -:   97:	char key_dec[1024];
        -:   98:	int key_dec_len;
        -:   99:
    #####:  100:	char *value_dec = (char *)mg_malloc_ctx(*value_len + 1, conn->phys_ctx);
call    0 never executed
        -:  101:	int value_dec_len, ret;
        -:  102:
    #####:  103:	if (!value_dec) {
branch  0 never executed (fallthrough)
branch  1 never executed
        -:  104:		/* Log error message and stop parsing the form data. */
    #####:  105:		mg_cry_internal(conn,
call    0 never executed
        -:  106:		                "%s: Not enough memory (required: %lu)",
        -:  107:		                __func__,
        -:  108:		                (unsigned long)(*value_len + 1));
    #####:  109:		return MG_FORM_FIELD_STORAGE_ABORT;
        -:  110:	}
        -:  111:
        -:  112:	key_dec_len =
    #####:  113:	    mg_url_decode(key, (int)key_len, key_dec, (int)sizeof(key_dec), 1);
call    0 never executed
        -:  114:
    #####:  115:	if (*value_len >= 2 && value[*value_len - 2] == '%')
branch  0 never executed (fallthrough)
branch  1 never executed
branch  2 never executed (fallthrough)
branch  3 never executed
    #####:  116:		*value_len -= 2;
    #####:  117:	else if (*value_len >= 1 && value[*value_len - 1] == '%')
branch  0 never executed (fallthrough)
branch  1 never executed
branch  2 never executed (fallthrough)
branch  3 never executed
    #####:  118:		(*value_len)--;
    #####:  119:	value_dec_len = mg_url_decode(
    #####:  120:	    value, (int)*value_len, value_dec, ((int)*value_len) + 1, 1);
call    0 never executed
        -:  121:
    #####:  122:	if ((key_dec_len < 0) || (value_dec_len < 0)) {
branch  0 never executed (fallthrough)
branch  1 never executed
branch  2 never executed (fallthrough)
branch  3 never executed
    #####:  123:		mg_free(value_dec);
call    0 never executed
    #####:  124:		return MG_FORM_FIELD_STORAGE_ABORT;
        -:  125:	}
        -:  126:
    #####:  127:	ret = fdh->field_get(key_dec,
call    0 never executed
        -:  128:	                     value_dec,
        -:  129:	                     (size_t)value_dec_len,
        -:  130:	                     fdh->user_data);
        -:  131:
    #####:  132:	mg_free(value_dec);
call    0 never executed
        -:  133:
    #####:  134:	return ret;
        -:  135:}
        -:  136:
        -:  137:static int
function unencoded_field_get called 0 returned 0% blocks executed 0%
    #####:  138:unencoded_field_get(const struct mg_connection *conn,
        -:  139:                    const char *key,
        -:  140:                    size_t key_len,
        -:  141:                    const char *value,
        -:  142:                    size_t value_len,
        -:  143:                    struct mg_form_data_handler *fdh)
        -:  144:{
        -:  145:	char key_dec[1024];
        -:  146:	int key_dec_len;
        -:  147:	(void)conn;
        -:  148:
        -:  149:	key_dec_len =
    #####:  150:	    mg_url_decode(key, (int)key_len, key_dec, (int)sizeof(key_dec), 1);
call    0 never executed
    #####:  151:	if (key_dec_len < 0) {
branch  0 never executed (fallthrough)
branch  1 never executed
    #####:  152:		return MG_FORM_FIELD_STORAGE_ABORT;
        -:  153:	}
        -:  154:
    #####:  155:	return fdh->field_get(key_dec, value, value_len, fdh->user_data);
call    0 never executed
        -:  156:}
        -:  157:
        -:  158:static int
function field_stored called 0 returned 0% blocks executed 0%
    #####:  159:field_stored(const struct mg_connection *conn,
        -:  160:             const char *path,
        -:  161:             long long file_size,
        -:  162:             struct mg_form_data_handler *fdh)
        -:  163:{
        -:  164:	/* Equivalent to "upload" callback of "mg_upload". */
        -:  165:
        -:  166:	(void)conn; /* we do not need mg_cry here, so conn is currently unused */
        -:  167:
    #####:  168:	return fdh->field_store(path, file_size, fdh->user_data);
call    0 never executed
        -:  169:}
        -:  170:
        -:  171:static const char *
function search_boundary called 0 returned 0% blocks executed 0%
    #####:  172:search_boundary(const char *buf,
        -:  173:                size_t buf_len,
        -:  174:                const char *boundary,
        -:  175:                size_t boundary_len)
        -:  176:{
    #####:  177:	char *boundary_start = "\r\n--";
    #####:  178:	size_t boundary_start_len = strlen(boundary_start);
        -:  179:
        -:  180:	/* We must do a binary search here, not a string search, since the
        -:  181:	 * buffer may contain '\x00' bytes, if binary data is transferred. */
    #####:  182:	int clen = (int)buf_len - (int)boundary_len - boundary_start_len;
        -:  183:	int i;
        -:  184:
    #####:  185:	for (i = 0; i <= clen; i++) {
branch  0 never executed
branch  1 never executed (fallthrough)
    #####:  186:		if (!memcmp(buf + i, boundary_start, boundary_start_len)) {
branch  0 never executed (fallthrough)
branch  1 never executed
    #####:  187:			if (!memcmp(buf + i + boundary_start_len, boundary, boundary_len)) {
branch  0 never executed (fallthrough)
branch  1 never executed
    #####:  188:				return buf + i;
        -:  189:			}
        -:  190:		}
        -:  191:	}
    #####:  192:	return NULL;
        -:  193:}
        -:  194:
        -:  195:int
function mg_handle_form_request called 0 returned 0% blocks executed 0%
    #####:  196:mg_handle_form_request(struct mg_connection *conn,
        -:  197:                       struct mg_form_data_handler *fdh)
        -:  198:{
        -:  199:	const char *content_type;
        -:  200:	char path[512];
        -:  201:	char buf[MG_BUF_LEN]; /* Must not be smaller than ~900 */
        -:  202:	int field_storage;
    #####:  203:	size_t buf_fill = 0;
        -:  204:	int r;
    #####:  205:	int field_count = 0;
    #####:  206:	int abort_read = 0;
    #####:  207:	struct mg_file fstore = STRUCT_FILE_INITIALIZER;
    #####:  208:	int64_t file_size = 0; /* init here, to a avoid a false positive
        -:  209:	                         "uninitialized variable used" warning */
        -:  210:
    #####:  211:	int has_body_data =
    #####:  212:	    (conn->request_info.content_length > 0) || (conn->is_chunked);
branch  0 never executed (fallthrough)
branch  1 never executed
branch  2 never executed (fallthrough)
branch  3 never executed
        -:  213:
        -:  214:	/* Unused without filesystems */
        -:  215:	(void)fstore;
        -:  216:	(void)file_size;
        -:  217:
        -:  218:	/* There are three ways to encode data from a HTML form:
        -:  219:	 * 1) method: GET (default)
        -:  220:	 *    The form data is in the HTTP query string.
        -:  221:	 * 2) method: POST, enctype: "application/x-www-form-urlencoded"
        -:  222:	 *    The form data is in the request body.
        -:  223:	 *    The body is url encoded (the default encoding for POST).
        -:  224:	 * 3) method: POST, enctype: "multipart/form-data".
        -:  225:	 *    The form data is in the request body of a multipart message.
        -:  226:	 *    This is the typical way to handle file upload from a form.
        -:  227:	 */
        -:  228:
    #####:  229:	if (!has_body_data) {
branch  0 never executed (fallthrough)
branch  1 never executed
        -:  230:		const char *data;
        -:  231:
    #####:  232:		if (0 != strcmp(conn->request_info.request_method, "GET")) {
branch  0 never executed (fallthrough)
branch  1 never executed
        -:  233:			/* No body data, but not a GET request.
        -:  234:			 * This is not a valid form request. */
    #####:  235:			return -1;
        -:  236:		}
        -:  237:
        -:  238:		/* GET request: form data is in the query string. */
        -:  239:		/* The entire data has already been loaded, so there is no need to
        -:  240:		 * call mg_read. We just need to split the query string into key-value
        -:  241:		 * pairs. */
    #####:  242:		data = conn->request_info.query_string;
    #####:  243:		if (!data) {
branch  0 never executed (fallthrough)
branch  1 never executed
        -:  244:			/* No query string. */
    #####:  245:			return -1;
        -:  246:		}
        -:  247:
        -:  248:		/* Split data in a=1&b=xy&c=3&c=4 ... */
    #####:  249:		while (*data) {
branch  0 never executed
branch  1 never executed (fallthrough)
    #####:  250:			const char *val = strchr(data, '=');
        -:  251:			const char *next;
        -:  252:			ptrdiff_t keylen, vallen;
        -:  253:
    #####:  254:			if (!val) {
branch  0 never executed (fallthrough)
branch  1 never executed
    #####:  255:				break;
        -:  256:			}
    #####:  257:			keylen = val - data;
        -:  258:
        -:  259:			/* In every "field_found" callback we ask what to do with the
        -:  260:			 * data ("field_storage"). This could be:
        -:  261:			 * MG_FORM_FIELD_STORAGE_SKIP (0):
        -:  262:			 *   ignore the value of this field
        -:  263:			 * MG_FORM_FIELD_STORAGE_GET (1):
        -:  264:			 *   read the data and call the get callback function
        -:  265:			 * MG_FORM_FIELD_STORAGE_STORE (2):
        -:  266:			 *   store the data in a file
        -:  267:			 * MG_FORM_FIELD_STORAGE_READ (3):
        -:  268:			 *   let the user read the data (for parsing long data on the fly)
        -:  269:			 * MG_FORM_FIELD_STORAGE_ABORT (flag):
        -:  270:			 *   stop parsing
        -:  271:			 */
    #####:  272:			memset(path, 0, sizeof(path));
    #####:  273:			field_count++;
    #####:  274:			field_storage = url_encoded_field_found(conn,
call    0 never executed
        -:  275:			                                        data,
        -:  276:			                                        (size_t)keylen,
        -:  277:			                                        NULL,
        -:  278:			                                        0,
        -:  279:			                                        path,
        -:  280:			                                        sizeof(path) - 1,
        -:  281:			                                        fdh);
        -:  282:
    #####:  283:			val++;
    #####:  284:			next = strchr(val, '&');
    #####:  285:			if (next) {
branch  0 never executed (fallthrough)
branch  1 never executed
    #####:  286:				vallen = next - val;
        -:  287:			} else {
    #####:  288:				vallen = (ptrdiff_t)strlen(val);
        -:  289:			}
        -:  290:
    #####:  291:			if (field_storage == MG_FORM_FIELD_STORAGE_GET) {
branch  0 never executed (fallthrough)
branch  1 never executed
        -:  292:				/* Call callback */
    #####:  293:				r = url_encoded_field_get(
call    0 never executed
        -:  294:				    conn, data, (size_t)keylen, val, (size_t *)&vallen, fdh);
    #####:  295:				if (r == MG_FORM_FIELD_HANDLE_ABORT) {
branch  0 never executed (fallthrough)
branch  1 never executed
        -:  296:					/* Stop request handling */
    #####:  297:					abort_read = 1;
    #####:  298:					break;
        -:  299:				}
    #####:  300:				if (r == MG_FORM_FIELD_HANDLE_NEXT) {
branch  0 never executed (fallthrough)
branch  1 never executed
        -:  301:					/* Skip to next field */
    #####:  302:					field_storage = MG_FORM_FIELD_STORAGE_SKIP;
        -:  303:				}
        -:  304:			}
        -:  305:
    #####:  306:			if (next) {
branch  0 never executed (fallthrough)
branch  1 never executed
    #####:  307:				next++;
        -:  308:			} else {
        -:  309:				/* vallen may have been modified by url_encoded_field_get */
    #####:  310:				next = val + vallen;
        -:  311:			}
        -:  312:
        -:  313:#if !defined(NO_FILESYSTEMS)
    #####:  314:			if (field_storage == MG_FORM_FIELD_STORAGE_STORE) {
branch  0 never executed (fallthrough)
branch  1 never executed
        -:  315:				/* Store the content to a file */
    #####:  316:				if (mg_fopen(conn, path, MG_FOPEN_MODE_WRITE, &fstore) == 0) {
call    0 never executed
branch  1 never executed (fallthrough)
branch  2 never executed
    #####:  317:					fstore.access.fp = NULL;
        -:  318:				}
    #####:  319:				file_size = 0;
    #####:  320:				if (fstore.access.fp != NULL) {
branch  0 never executed (fallthrough)
branch  1 never executed
        -:  321:					size_t n = (size_t)
    #####:  322:					    fwrite(val, 1, (size_t)vallen, fstore.access.fp);
call    0 never executed
    #####:  323:					if ((n != (size_t)vallen) || (ferror(fstore.access.fp))) {
branch  0 never executed (fallthrough)
branch  1 never executed
call    2 never executed
branch  3 never executed (fallthrough)
branch  4 never executed
    #####:  324:						mg_cry_internal(conn,
call    0 never executed
        -:  325:						                "%s: Cannot write file %s",
        -:  326:						                __func__,
        -:  327:						                path);
    #####:  328:						(void)mg_fclose(&fstore.access);
call    0 never executed
    #####:  329:						remove_bad_file(conn, path);
call    0 never executed
        -:  330:					}
    #####:  331:					file_size += (int64_t)n;
        -:  332:
    #####:  333:					if (fstore.access.fp) {
branch  0 never executed (fallthrough)
branch  1 never executed
    #####:  334:						r = mg_fclose(&fstore.access);
call    0 never executed
    #####:  335:						if (r == 0) {
branch  0 never executed (fallthrough)
branch  1 never executed
        -:  336:							/* stored successfully */
    #####:  337:							r = field_stored(conn, path, file_size, fdh);
call    0 never executed
    #####:  338:							if (r == MG_FORM_FIELD_HANDLE_ABORT) {
branch  0 never executed (fallthrough)
branch  1 never executed
        -:  339:								/* Stop request handling */
    #####:  340:								abort_read = 1;
    #####:  341:								break;
        -:  342:							}
        -:  343:
        -:  344:						} else {
    #####:  345:							mg_cry_internal(conn,
call    0 never executed
        -:  346:							                "%s: Error saving file %s",
        -:  347:							                __func__,
        -:  348:							                path);
    #####:  349:							remove_bad_file(conn, path);
call    0 never executed
        -:  350:						}
    #####:  351:						fstore.access.fp = NULL;
        -:  352:					}
        -:  353:
        -:  354:				} else {
    #####:  355:					mg_cry_internal(conn,
call    0 never executed
        -:  356:					                "%s: Cannot create file %s",
        -:  357:					                __func__,
        -:  358:					                path);
        -:  359:				}
        -:  360:			}
        -:  361:#endif /* NO_FILESYSTEMS */
        -:  362:
        -:  363:			/* if (field_storage == MG_FORM_FIELD_STORAGE_READ) { */
        -:  364:			/* The idea of "field_storage=read" is to let the API user read
        -:  365:			 * data chunk by chunk and to some data processing on the fly.
        -:  366:			 * This should avoid the need to store data in the server:
        -:  367:			 * It should neither be stored in memory, like
        -:  368:			 * "field_storage=get" does, nor in a file like
        -:  369:			 * "field_storage=store".
        -:  370:			 * However, for a "GET" request this does not make any much
        -:  371:			 * sense, since the data is already stored in memory, as it is
        -:  372:			 * part of the query string.
        -:  373:			 */
        -:  374:			/* } */
        -:  375:
    #####:  376:			if ((field_storage & MG_FORM_FIELD_STORAGE_ABORT)
branch  0 never executed (fallthrough)
branch  1 never executed
        -:  377:			    == MG_FORM_FIELD_STORAGE_ABORT) {
        -:  378:				/* Stop parsing the request */
    #####:  379:				abort_read = 1;
    #####:  380:				break;
        -:  381:			}
        -:  382:
        -:  383:			/* Proceed to next entry */
    #####:  384:			data = next;
        -:  385:		}
        -:  386:
    #####:  387:		return field_count;
        -:  388:	}
        -:  389:
    #####:  390:	content_type = mg_get_header(conn, "Content-Type");
call    0 never executed
        -:  391:
    #####:  392:	if (!content_type
branch  0 never executed (fallthrough)
branch  1 never executed
    #####:  393:	    || !mg_strncasecmp(content_type,
call    0 never executed
branch  1 never executed (fallthrough)
branch  2 never executed
        -:  394:	                       "APPLICATION/X-WWW-FORM-URLENCODED",
        -:  395:	                       33)
    #####:  396:	    || !mg_strncasecmp(content_type,
call    0 never executed
branch  1 never executed (fallthrough)
branch  2 never executed
        -:  397:	                       "APPLICATION/WWW-FORM-URLENCODED",
        -:  398:	                       31)) {
        -:  399:		/* The form data is in the request body data, encoded in key/value
        -:  400:		 * pairs. */
    #####:  401:		int all_data_read = 0;
        -:  402:
        -:  403:		/* Read body data and split it in keys and values.
        -:  404:		 * The encoding is like in the "GET" case above: a=1&b&c=3&c=4.
        -:  405:		 * Here we use "POST", and read the data from the request body.
        -:  406:		 * The data read on the fly, so it is not required to buffer the
        -:  407:		 * entire request in memory before processing it. */
    #####:  408:		while (!abort_read) {
branch  0 never executed
branch  1 never executed (fallthrough)
        -:  409:			const char *val;
        -:  410:			const char *next;
        -:  411:			ptrdiff_t keylen, vallen;
        -:  412:			ptrdiff_t used;
    #####:  413:			int end_of_key_value_pair_found = 0;
        -:  414:			int get_block;
        -:  415:
    #####:  416:			if (buf_fill < (sizeof(buf) - 1)) {
branch  0 never executed (fallthrough)
branch  1 never executed
        -:  417:
    #####:  418:				size_t to_read = sizeof(buf) - 1 - buf_fill;
    #####:  419:				r = mg_read(conn, buf + buf_fill, to_read);
call    0 never executed
    #####:  420:				if ((r < 0) || ((r == 0) && all_data_read)) {
branch  0 never executed (fallthrough)
branch  1 never executed
branch  2 never executed (fallthrough)
branch  3 never executed
branch  4 never executed (fallthrough)
branch  5 never executed
        -:  421:					/* read error */
    #####:  422:					return -1;
        -:  423:				}
    #####:  424:				if (r == 0) {
branch  0 never executed (fallthrough)
branch  1 never executed
        -:  425:					/* TODO: Create a function to get "all_data_read" from
        -:  426:					 * the conn object. All data is read if the Content-Length
        -:  427:					 * has been reached, or if chunked encoding is used and
        -:  428:					 * the end marker has been read, or if the connection has
        -:  429:					 * been closed. */
    #####:  430:					all_data_read = (buf_fill == 0);
        -:  431:				}
    #####:  432:				buf_fill += r;
    #####:  433:				buf[buf_fill] = 0;
    #####:  434:				if (buf_fill < 1) {
branch  0 never executed (fallthrough)
branch  1 never executed
    #####:  435:					break;
        -:  436:				}
        -:  437:			}
        -:  438:
    #####:  439:			val = strchr(buf, '=');
        -:  440:
    #####:  441:			if (!val) {
branch  0 never executed (fallthrough)
branch  1 never executed
    #####:  442:				break;
        -:  443:			}
    #####:  444:			keylen = val - buf;
    #####:  445:			val++;
        -:  446:
        -:  447:			/* Call callback */
    #####:  448:			memset(path, 0, sizeof(path));
    #####:  449:			field_count++;
    #####:  450:			field_storage = url_encoded_field_found(conn,
call    0 never executed
        -:  451:			                                        buf,
        -:  452:			                                        (size_t)keylen,
        -:  453:			                                        NULL,
        -:  454:			                                        0,
        -:  455:			                                        path,
        -:  456:			                                        sizeof(path) - 1,
        -:  457:			                                        fdh);
        -:  458:
    #####:  459:			if ((field_storage & MG_FORM_FIELD_STORAGE_ABORT)
branch  0 never executed (fallthrough)
branch  1 never executed
        -:  460:			    == MG_FORM_FIELD_STORAGE_ABORT) {
        -:  461:				/* Stop parsing the request */
    #####:  462:				abort_read = 1;
    #####:  463:				break;
        -:  464:			}
        -:  465:
        -:  466:#if !defined(NO_FILESYSTEMS)
    #####:  467:			if (field_storage == MG_FORM_FIELD_STORAGE_STORE) {
branch  0 never executed (fallthrough)
branch  1 never executed
    #####:  468:				if (mg_fopen(conn, path, MG_FOPEN_MODE_WRITE, &fstore) == 0) {
call    0 never executed
branch  1 never executed (fallthrough)
branch  2 never executed
    #####:  469:					fstore.access.fp = NULL;
        -:  470:				}
    #####:  471:				file_size = 0;
    #####:  472:				if (!fstore.access.fp) {
branch  0 never executed (fallthrough)
branch  1 never executed
    #####:  473:					mg_cry_internal(conn,
call    0 never executed
        -:  474:					                "%s: Cannot create file %s",
        -:  475:					                __func__,
        -:  476:					                path);
        -:  477:				}
        -:  478:			}
        -:  479:#endif /* NO_FILESYSTEMS */
        -:  480:
    #####:  481:			get_block = 0;
        -:  482:			/* Loop to read values larger than sizeof(buf)-keylen-2 */
        -:  483:			do {
    #####:  484:				next = strchr(val, '&');
    #####:  485:				if (next) {
branch  0 never executed (fallthrough)
branch  1 never executed
    #####:  486:					vallen = next - val;
    #####:  487:					end_of_key_value_pair_found = 1;
        -:  488:				} else {
    #####:  489:					vallen = (ptrdiff_t)strlen(val);
    #####:  490:					end_of_key_value_pair_found = all_data_read;
    #####:  491:					if ((buf + buf_fill) > (val + vallen)) {
branch  0 never executed (fallthrough)
branch  1 never executed
        -:  492:						/* Avoid DoS attacks by having a zero byte in the middle
        -:  493:						 * of a request that is supposed to be URL encoded.
        -:  494:						 * Since this request is certainly invalid, according to
        -:  495:						 * the protocol
        -:  496:						 * specification, stop processing it. Fixes #1348 */
    #####:  497:						abort_read = 1;
    #####:  498:						break;
        -:  499:					}
        -:  500:				}
        -:  501:
    #####:  502:				if (field_storage == MG_FORM_FIELD_STORAGE_GET) {
branch  0 never executed (fallthrough)
branch  1 never executed
        -:  503:#if 0
        -:  504:					if (!end_of_key_value_pair_found && !all_data_read) {
        -:  505:						/* This callback will deliver partial contents */
        -:  506:					}
        -:  507:#endif
        -:  508:
        -:  509:					/* Call callback */
    #####:  510:					r = url_encoded_field_get(conn,
branch  0 never executed (fallthrough)
branch  1 never executed
branch  2 never executed (fallthrough)
branch  3 never executed
call    4 never executed
        -:  511:					                          ((get_block > 0) ? NULL : buf),
        -:  512:					                          ((get_block > 0)
        -:  513:					                               ? 0
        -:  514:					                               : (size_t)keylen),
        -:  515:					                          val,
        -:  516:					                          (size_t *)&vallen,
        -:  517:					                          fdh);
    #####:  518:					get_block++;
    #####:  519:					if (r == MG_FORM_FIELD_HANDLE_ABORT) {
branch  0 never executed (fallthrough)
branch  1 never executed
        -:  520:						/* Stop request handling */
    #####:  521:						abort_read = 1;
    #####:  522:						break;
        -:  523:					}
    #####:  524:					if (r == MG_FORM_FIELD_HANDLE_NEXT) {
branch  0 never executed (fallthrough)
branch  1 never executed
        -:  525:						/* Skip to next field */
    #####:  526:						field_storage = MG_FORM_FIELD_STORAGE_SKIP;
        -:  527:					}
        -:  528:				}
        -:  529:
    #####:  530:				if (next) {
branch  0 never executed (fallthrough)
branch  1 never executed
    #####:  531:					next++;
        -:  532:				} else {
        -:  533:					/* vallen may have been modified by url_encoded_field_get */
    #####:  534:					next = val + vallen;
        -:  535:				}
        -:  536:
        -:  537:#if !defined(NO_FILESYSTEMS)
    #####:  538:				if (fstore.access.fp) {
branch  0 never executed (fallthrough)
branch  1 never executed
        -:  539:					size_t n = (size_t)
    #####:  540:					    fwrite(val, 1, (size_t)vallen, fstore.access.fp);
call    0 never executed
    #####:  541:					if ((n != (size_t)vallen) || (ferror(fstore.access.fp))) {
branch  0 never executed (fallthrough)
branch  1 never executed
call    2 never executed
branch  3 never executed (fallthrough)
branch  4 never executed
    #####:  542:						mg_cry_internal(conn,
call    0 never executed
        -:  543:						                "%s: Cannot write file %s",
        -:  544:						                __func__,
        -:  545:						                path);
    #####:  546:						mg_fclose(&fstore.access);
call    0 never executed
    #####:  547:						remove_bad_file(conn, path);
call    0 never executed
        -:  548:					}
    #####:  549:					file_size += (int64_t)n;
        -:  550:				}
        -:  551:#endif /* NO_FILESYSTEMS */
        -:  552:
    #####:  553:				if (!end_of_key_value_pair_found) {
branch  0 never executed (fallthrough)
branch  1 never executed
    #####:  554:					used = next - buf;
    #####:  555:					memmove(buf,
    #####:  556:					        buf + (size_t)used,
    #####:  557:					        sizeof(buf) - (size_t)used);
    #####:  558:					next = buf;
    #####:  559:					buf_fill -= used;
    #####:  560:					if (buf_fill < (sizeof(buf) - 1)) {
branch  0 never executed (fallthrough)
branch  1 never executed
        -:  561:
    #####:  562:						size_t to_read = sizeof(buf) - 1 - buf_fill;
    #####:  563:						r = mg_read(conn, buf + buf_fill, to_read);
call    0 never executed
    #####:  564:						if ((r < 0) || ((r == 0) && all_data_read)) {
branch  0 never executed (fallthrough)
branch  1 never executed
branch  2 never executed (fallthrough)
branch  3 never executed
branch  4 never executed (fallthrough)
branch  5 never executed
        -:  565:#if !defined(NO_FILESYSTEMS)
        -:  566:							/* read error */
    #####:  567:							if (fstore.access.fp) {
branch  0 never executed (fallthrough)
branch  1 never executed
    #####:  568:								mg_fclose(&fstore.access);
call    0 never executed
    #####:  569:								remove_bad_file(conn, path);
call    0 never executed
        -:  570:							}
    #####:  571:							return -1;
        -:  572:#endif /* NO_FILESYSTEMS */
        -:  573:						}
    #####:  574:						if (r == 0) {
branch  0 never executed (fallthrough)
branch  1 never executed
        -:  575:							/* TODO: Create a function to get "all_data_read"
        -:  576:							 * from the conn object. All data is read if the
        -:  577:							 * Content-Length has been reached, or if chunked
        -:  578:							 * encoding is used and the end marker has been
        -:  579:							 * read, or if the connection has been closed. */
    #####:  580:							all_data_read = (buf_fill == 0);
        -:  581:						}
    #####:  582:						buf_fill += r;
    #####:  583:						buf[buf_fill] = 0;
    #####:  584:						if (buf_fill < 1) {
branch  0 never executed (fallthrough)
branch  1 never executed
    #####:  585:							break;
        -:  586:						}
    #####:  587:						val = buf;
        -:  588:					}
        -:  589:				}
    #####:  590:			} while (!end_of_key_value_pair_found);
branch  0 never executed
branch  1 never executed (fallthrough)
        -:  591:
        -:  592:#if !defined(NO_FILESYSTEMS)
    #####:  593:			if (fstore.access.fp) {
branch  0 never executed (fallthrough)
branch  1 never executed
    #####:  594:				r = mg_fclose(&fstore.access);
call    0 never executed
    #####:  595:				if (r == 0) {
branch  0 never executed (fallthrough)
branch  1 never executed
        -:  596:					/* stored successfully */
    #####:  597:					r = field_stored(conn, path, file_size, fdh);
call    0 never executed
    #####:  598:					if (r == MG_FORM_FIELD_HANDLE_ABORT) {
branch  0 never executed (fallthrough)
branch  1 never executed
        -:  599:						/* Stop request handling */
    #####:  600:						abort_read = 1;
    #####:  601:						break;
        -:  602:					}
        -:  603:				} else {
    #####:  604:					mg_cry_internal(conn,
call    0 never executed
        -:  605:					                "%s: Error saving file %s",
        -:  606:					                __func__,
        -:  607:					                path);
    #####:  608:					remove_bad_file(conn, path);
call    0 never executed
        -:  609:				}
    #####:  610:				fstore.access.fp = NULL;
        -:  611:			}
        -:  612:#endif /* NO_FILESYSTEMS */
        -:  613:
    #####:  614:			if ((all_data_read && (buf_fill == 0)) || abort_read) {
branch  0 never executed (fallthrough)
branch  1 never executed
branch  2 never executed (fallthrough)
branch  3 never executed
branch  4 never executed (fallthrough)
branch  5 never executed
        -:  615:				/* nothing more to process */
        -:  616:				break;
        -:  617:			}
        -:  618:
        -:  619:			/* Proceed to next entry */
    #####:  620:			used = next - buf;
    #####:  621:			memmove(buf, buf + (size_t)used, sizeof(buf) - (size_t)used);
    #####:  622:			buf_fill -= used;
        -:  623:		}
        -:  624:
    #####:  625:		return field_count;
        -:  626:	}
        -:  627:
    #####:  628:	if (!mg_strncasecmp(content_type, "MULTIPART/FORM-DATA;", 20)) {
call    0 never executed
branch  1 never executed (fallthrough)
branch  2 never executed
        -:  629:		/* The form data is in the request body data, encoded as multipart
        -:  630:		 * content (see https://www.ietf.org/rfc/rfc1867.txt,
        -:  631:		 * https://www.ietf.org/rfc/rfc2388.txt). */
        -:  632:		char *boundary;
        -:  633:		size_t bl;
        -:  634:		ptrdiff_t used;
        -:  635:		struct mg_request_info part_header;
        -:  636:		char *hbuf;
        -:  637:		const char *content_disp, *hend, *fbeg, *fend, *nbeg, *nend;
        -:  638:		const char *next;
        -:  639:		unsigned part_no;
    #####:  640:		int all_data_read = 0;
        -:  641:
    #####:  642:		memset(&part_header, 0, sizeof(part_header));
        -:  643:
        -:  644:		/* Skip all spaces between MULTIPART/FORM-DATA; and BOUNDARY= */
    #####:  645:		bl = 20;
    #####:  646:		while (content_type[bl] == ' ') {
branch  0 never executed
branch  1 never executed (fallthrough)
    #####:  647:			bl++;
        -:  648:		}
        -:  649:
        -:  650:		/* There has to be a BOUNDARY definition in the Content-Type header */
    #####:  651:		if (mg_strncasecmp(content_type + bl, "BOUNDARY=", 9)) {
call    0 never executed
branch  1 never executed (fallthrough)
branch  2 never executed
        -:  652:			/* Malformed request */
    #####:  653:			return -1;
        -:  654:		}
        -:  655:
        -:  656:		/* Copy boundary string to variable "boundary" */
        -:  657:		/* fbeg is pointer to start of value of boundary */
    #####:  658:		fbeg = content_type + bl + 9;
    #####:  659:		bl = strlen(fbeg);
    #####:  660:		boundary = (char *)mg_malloc(bl + 1);
call    0 never executed
    #####:  661:		if (!boundary) {
branch  0 never executed (fallthrough)
branch  1 never executed
        -:  662:			/* Out of memory */
    #####:  663:			mg_cry_internal(conn,
call    0 never executed
        -:  664:			                "%s: Cannot allocate memory for boundary [%lu]",
        -:  665:			                __func__,
        -:  666:			                (unsigned long)bl);
    #####:  667:			return -1;
        -:  668:		}
    #####:  669:		memcpy(boundary, fbeg, bl);
    #####:  670:		boundary[bl] = 0;
        -:  671:
        -:  672:		/* RFC 2046 permits the boundary string to be quoted. */
        -:  673:		/* If the boundary is quoted, trim the quotes */
    #####:  674:		if (boundary[0] == '"') {
branch  0 never executed (fallthrough)
branch  1 never executed
    #####:  675:			hbuf = strchr(boundary + 1, '"');
    #####:  676:			if ((!hbuf) || (*hbuf != '"')) {
branch  0 never executed (fallthrough)
branch  1 never executed
branch  2 never executed (fallthrough)
branch  3 never executed
        -:  677:				/* Malformed request */
    #####:  678:				mg_free(boundary);
call    0 never executed
    #####:  679:				return -1;
        -:  680:			}
    #####:  681:			*hbuf = 0;
    #####:  682:			memmove(boundary, boundary + 1, bl);
    #####:  683:			bl = strlen(boundary);
        -:  684:		}
        -:  685:
        -:  686:		/* Do some sanity checks for boundary lengths */
    #####:  687:		if (bl > 70) {
branch  0 never executed (fallthrough)
branch  1 never executed
        -:  688:			/* From RFC 2046:
        -:  689:			 * Boundary delimiters must not appear within the
        -:  690:			 * encapsulated material, and must be no longer
        -:  691:			 * than 70 characters, not counting the two
        -:  692:			 * leading hyphens.
        -:  693:			 */
        -:  694:
        -:  695:			/* The algorithm can not work if bl >= sizeof(buf), or if buf
        -:  696:			 * can not hold the multipart header plus the boundary.
        -:  697:			 * Requests with long boundaries are not RFC compliant, maybe they
        -:  698:			 * are intended attacks to interfere with this algorithm. */
    #####:  699:			mg_free(boundary);
call    0 never executed
    #####:  700:			return -1;
        -:  701:		}
    #####:  702:		if (bl < 4) {
branch  0 never executed (fallthrough)
branch  1 never executed
        -:  703:			/* Sanity check:  A boundary string of less than 4 bytes makes
        -:  704:			 * no sense either. */
    #####:  705:			mg_free(boundary);
call    0 never executed
    #####:  706:			return -1;
        -:  707:		}
        -:  708:
    #####:  709:		for (part_no = 0;; part_no++) {
        -:  710:			size_t towrite, fnlen, n;
        -:  711:			int get_block;
    #####:  712:			size_t to_read = sizeof(buf) - 1 - buf_fill;
        -:  713:
        -:  714:			/* Unused without filesystems */
        -:  715:			(void)n;
        -:  716:
    #####:  717:			r = mg_read(conn, buf + buf_fill, to_read);
call    0 never executed
    #####:  718:			if ((r < 0) || ((r == 0) && all_data_read)) {
branch  0 never executed (fallthrough)
branch  1 never executed
branch  2 never executed (fallthrough)
branch  3 never executed
branch  4 never executed (fallthrough)
branch  5 never executed
        -:  719:				/* read error */
    #####:  720:				mg_free(boundary);
call    0 never executed
    #####:  721:				return -1;
        -:  722:			}
    #####:  723:			if (r == 0) {
branch  0 never executed (fallthrough)
branch  1 never executed
    #####:  724:				all_data_read = (buf_fill == 0);
        -:  725:			}
        -:  726:
    #####:  727:			buf_fill += r;
    #####:  728:			buf[buf_fill] = 0;
    #####:  729:			if (buf_fill < 1) {
branch  0 never executed (fallthrough)
branch  1 never executed
        -:  730:				/* No data */
    #####:  731:				mg_free(boundary);
call    0 never executed
    #####:  732:				return -1;
        -:  733:			}
        -:  734:
        -:  735:			/* @see https://www.rfc-editor.org/rfc/rfc2046.html#section-5.1.1
        -:  736:			 *
        -:  737:			 * multipart-body := [preamble CRLF]
        -:  738:			 *     dash-boundary transport-padding CRLF
        -:  739:			 *     body-part *encapsulation
        -:  740:			 *     close-delimiter transport-padding
        -:  741:			 *     [CRLF epilogue]
        -:  742:			 */
        -:  743:
    #####:  744:			if (part_no == 0) {
branch  0 never executed (fallthrough)
branch  1 never executed
    #####:  745:				size_t preamble_length = 0;
        -:  746:				/* skip over the preamble until we find a complete boundary
        -:  747:				 * limit the preamble length to prevent abuse */
        -:  748:				/* +2 for the -- preceding the boundary */
    #####:  749:				while (preamble_length < 1024
    #####:  750:				       && (preamble_length < buf_fill - bl)
branch  0 never executed (fallthrough)
branch  1 never executed
    #####:  751:				       && strncmp(buf + preamble_length + 2, boundary, bl)) {
branch  0 never executed (fallthrough)
branch  1 never executed
branch  2 never executed
branch  3 never executed (fallthrough)
    #####:  752:					preamble_length++;
        -:  753:				}
        -:  754:				/* reset the start of buf to remove the preamble */
    #####:  755:				if (0 == strncmp(buf + preamble_length + 2, boundary, bl)) {
branch  0 never executed (fallthrough)
branch  1 never executed
    #####:  756:					memmove(buf,
        -:  757:					        buf + preamble_length,
    #####:  758:					        (unsigned)buf_fill - (unsigned)preamble_length);
    #####:  759:					buf_fill -= preamble_length;
    #####:  760:					buf[buf_fill] = 0;
        -:  761:				}
        -:  762:			}
        -:  763:
        -:  764:			/* either it starts with a boundary and it's fine, or it's malformed
        -:  765:			 * because:
        -:  766:			 * - the preamble was longer than accepted
        -:  767:			 * - couldn't find a boundary at all in the body
        -:  768:			 * - didn't have a terminating boundary */
    #####:  769:			if (buf_fill < (bl + 2) || strncmp(buf, "--", 2)
branch  0 never executed (fallthrough)
branch  1 never executed
branch  2 never executed (fallthrough)
branch  3 never executed
    #####:  770:			    || strncmp(buf + 2, boundary, bl)) {
branch  0 never executed (fallthrough)
branch  1 never executed
        -:  771:				/* Malformed request */
    #####:  772:				mg_free(boundary);
call    0 never executed
    #####:  773:				return -1;
        -:  774:			}
        -:  775:
        -:  776:			/* skip the -- */
    #####:  777:			char *boundary_start = buf + 2;
    #####:  778:			size_t transport_padding = 0;
    #####:  779:			while (boundary_start[bl + transport_padding] == ' '
    #####:  780:			       || boundary_start[bl + transport_padding] == '\t') {
branch  0 never executed
branch  1 never executed (fallthrough)
branch  2 never executed
branch  3 never executed (fallthrough)
    #####:  781:				transport_padding++;
        -:  782:			}
    #####:  783:			char *boundary_end = boundary_start + bl + transport_padding;
        -:  784:
        -:  785:			/* after the transport padding, if the boundary isn't
        -:  786:			 * immediately followed by a \r\n then it is either... */
    #####:  787:			if (strncmp(boundary_end, "\r\n", 2)) {
branch  0 never executed (fallthrough)
branch  1 never executed
        -:  788:				/* ...the final boundary, and it is followed by --, (in which
        -:  789:				 * case it's the end of the request) or it's a malformed
        -:  790:				 * request */
    #####:  791:				if (strncmp(boundary_end, "--", 2)) {
branch  0 never executed (fallthrough)
branch  1 never executed
        -:  792:					/* Malformed request */
    #####:  793:					mg_free(boundary);
call    0 never executed
    #####:  794:					return -1;
        -:  795:				}
        -:  796:				/* Ingore any epilogue here */
    #####:  797:				break;
        -:  798:			}
        -:  799:
        -:  800:			/* skip the \r\n */
    #####:  801:			hbuf = boundary_end + 2;
        -:  802:			/* Next, we need to get the part header: Read until \r\n\r\n */
    #####:  803:			hend = strstr(hbuf, "\r\n\r\n");
    #####:  804:			if (!hend) {
branch  0 never executed (fallthrough)
branch  1 never executed
        -:  805:				/* Malformed request */
    #####:  806:				mg_free(boundary);
call    0 never executed
    #####:  807:				return -1;
        -:  808:			}
        -:  809:
    #####:  810:			part_header.num_headers =
    #####:  811:			    parse_http_headers(&hbuf, part_header.http_headers);
call    0 never executed
    #####:  812:			if ((hend + 2) != hbuf) {
branch  0 never executed (fallthrough)
branch  1 never executed
        -:  813:				/* Malformed request */
    #####:  814:				mg_free(boundary);
call    0 never executed
    #####:  815:				return -1;
        -:  816:			}
        -:  817:
        -:  818:			/* Skip \r\n\r\n */
    #####:  819:			hend += 4;
        -:  820:
        -:  821:			/* According to the RFC, every part has to have a header field like:
        -:  822:			 * Content-Disposition: form-data; name="..." */
    #####:  823:			content_disp = get_header(part_header.http_headers,
call    0 never executed
        -:  824:			                          part_header.num_headers,
        -:  825:			                          "Content-Disposition");
    #####:  826:			if (!content_disp) {
branch  0 never executed (fallthrough)
branch  1 never executed
        -:  827:				/* Malformed request */
    #####:  828:				mg_free(boundary);
call    0 never executed
    #####:  829:				return -1;
        -:  830:			}
        -:  831:
        -:  832:			/* Get the mandatory name="..." part of the Content-Disposition
        -:  833:			 * header. */
    #####:  834:			nbeg = strstr(content_disp, "name=\"");
    #####:  835:			while ((nbeg != NULL) && (strcspn(nbeg - 1, ":,; \t") != 0)) {
branch  0 never executed (fallthrough)
branch  1 never executed
branch  2 never executed
branch  3 never executed (fallthrough)
        -:  836:				/* It could be somethingname= instead of name= */
    #####:  837:				nbeg = strstr(nbeg + 1, "name=\"");
        -:  838:			}
        -:  839:
        -:  840:			/* This line is not required, but otherwise some compilers
        -:  841:			 * generate spurious warnings. */
    #####:  842:			nend = nbeg;
        -:  843:			/* And others complain, the result is unused. */
        -:  844:			(void)nend;
        -:  845:
        -:  846:			/* If name=" is found, search for the closing " */
    #####:  847:			if (nbeg) {
branch  0 never executed (fallthrough)
branch  1 never executed
    #####:  848:				nbeg += 6;
    #####:  849:				nend = strchr(nbeg, '\"');
    #####:  850:				if (!nend) {
branch  0 never executed (fallthrough)
branch  1 never executed
        -:  851:					/* Malformed request */
    #####:  852:					mg_free(boundary);
call    0 never executed
    #####:  853:					return -1;
        -:  854:				}
        -:  855:			} else {
        -:  856:				/* name= without quotes is also allowed */
    #####:  857:				nbeg = strstr(content_disp, "name=");
    #####:  858:				while ((nbeg != NULL) && (strcspn(nbeg - 1, ":,; \t") != 0)) {
branch  0 never executed (fallthrough)
branch  1 never executed
branch  2 never executed
branch  3 never executed (fallthrough)
        -:  859:					/* It could be somethingname= instead of name= */
    #####:  860:					nbeg = strstr(nbeg + 1, "name=");
        -:  861:				}
    #####:  862:				if (!nbeg) {
branch  0 never executed (fallthrough)
branch  1 never executed
        -:  863:					/* Malformed request */
    #####:  864:					mg_free(boundary);
call    0 never executed
    #####:  865:					return -1;
        -:  866:				}
    #####:  867:				nbeg += 5;
        -:  868:
        -:  869:				/* RFC 2616 Sec. 2.2 defines a list of allowed
        -:  870:				 * separators, but many of them make no sense
        -:  871:				 * here, e.g. various brackets or slashes.
        -:  872:				 * If they are used, probably someone is
        -:  873:				 * trying to attack with curious hand made
        -:  874:				 * requests. Only ; , space and tab seem to be
        -:  875:				 * reasonable here. Ignore everything else. */
    #####:  876:				nend = nbeg + strcspn(nbeg, ",; \t");
        -:  877:			}
        -:  878:
        -:  879:			/* Get the optional filename="..." part of the Content-Disposition
        -:  880:			 * header. */
    #####:  881:			fbeg = strstr(content_disp, "filename=\"");
    #####:  882:			while ((fbeg != NULL) && (strcspn(fbeg - 1, ":,; \t") != 0)) {
branch  0 never executed (fallthrough)
branch  1 never executed
branch  2 never executed
branch  3 never executed (fallthrough)
        -:  883:				/* It could be somethingfilename= instead of filename= */
    #####:  884:				fbeg = strstr(fbeg + 1, "filename=\"");
        -:  885:			}
        -:  886:
        -:  887:			/* This line is not required, but otherwise some compilers
        -:  888:			 * generate spurious warnings. */
    #####:  889:			fend = fbeg;
        -:  890:
        -:  891:			/* If filename=" is found, search for the closing " */
    #####:  892:			if (fbeg) {
branch  0 never executed (fallthrough)
branch  1 never executed
    #####:  893:				fbeg += 10;
    #####:  894:				fend = strchr(fbeg, '\"');
        -:  895:
    #####:  896:				if (!fend) {
branch  0 never executed (fallthrough)
branch  1 never executed
        -:  897:					/* Malformed request (the filename field is optional, but if
        -:  898:					 * it exists, it needs to be terminated correctly). */
    #####:  899:					mg_free(boundary);
call    0 never executed
    #####:  900:					return -1;
        -:  901:				}
        -:  902:
        -:  903:				/* TODO: check Content-Type */
        -:  904:				/* Content-Type: application/octet-stream */
        -:  905:			}
    #####:  906:			if (!fbeg) {
branch  0 never executed (fallthrough)
branch  1 never executed
        -:  907:				/* Try the same without quotes */
    #####:  908:				fbeg = strstr(content_disp, "filename=");
    #####:  909:				while ((fbeg != NULL) && (strcspn(fbeg - 1, ":,; \t") != 0)) {
branch  0 never executed (fallthrough)
branch  1 never executed
branch  2 never executed
branch  3 never executed (fallthrough)
        -:  910:					/* It could be somethingfilename= instead of filename= */
    #####:  911:					fbeg = strstr(fbeg + 1, "filename=");
        -:  912:				}
    #####:  913:				if (fbeg) {
branch  0 never executed (fallthrough)
branch  1 never executed
    #####:  914:					fbeg += 9;
    #####:  915:					fend = fbeg + strcspn(fbeg, ",; \t");
        -:  916:				}
        -:  917:			}
        -:  918:
    #####:  919:			if (!fbeg || !fend) {
branch  0 never executed (fallthrough)
branch  1 never executed
branch  2 never executed (fallthrough)
branch  3 never executed
    #####:  920:				fbeg = NULL;
    #####:  921:				fend = NULL;
    #####:  922:				fnlen = 0;
        -:  923:			} else {
    #####:  924:				fnlen = (size_t)(fend - fbeg);
        -:  925:			}
        -:  926:
        -:  927:			/* In theory, it could be possible that someone crafts
        -:  928:			 * a request like name=filename=xyz. Check if name and
        -:  929:			 * filename do not overlap. */
    #####:  930:			if (!(((ptrdiff_t)fbeg > (ptrdiff_t)nend)
branch  0 never executed (fallthrough)
branch  1 never executed
    #####:  931:			      || ((ptrdiff_t)nbeg > (ptrdiff_t)fend))) {
branch  0 never executed (fallthrough)
branch  1 never executed
    #####:  932:				mg_free(boundary);
call    0 never executed
    #####:  933:				return -1;
        -:  934:			}
        -:  935:
        -:  936:			/* Call callback for new field */
    #####:  937:			memset(path, 0, sizeof(path));
    #####:  938:			field_count++;
    #####:  939:			field_storage = url_encoded_field_found(conn,
branch  0 never executed (fallthrough)
branch  1 never executed
        -:  940:			                                        nbeg,
    #####:  941:			                                        (size_t)(nend - nbeg),
call    0 never executed
        -:  942:			                                        ((fnlen > 0) ? fbeg : NULL),
        -:  943:			                                        fnlen,
        -:  944:			                                        path,
        -:  945:			                                        sizeof(path) - 1,
        -:  946:			                                        fdh);
        -:  947:
        -:  948:			/* If the boundary is already in the buffer, get the address,
        -:  949:			 * otherwise next will be NULL. */
    #####:  950:			next = search_boundary(hbuf,
    #####:  951:			                       (size_t)((buf - hbuf) + buf_fill),
call    0 never executed
        -:  952:			                       boundary,
        -:  953:			                       bl);
        -:  954:
        -:  955:#if !defined(NO_FILESYSTEMS)
    #####:  956:			if (field_storage == MG_FORM_FIELD_STORAGE_STORE) {
branch  0 never executed (fallthrough)
branch  1 never executed
        -:  957:				/* Store the content to a file */
    #####:  958:				if (mg_fopen(conn, path, MG_FOPEN_MODE_WRITE, &fstore) == 0) {
call    0 never executed
branch  1 never executed (fallthrough)
branch  2 never executed
    #####:  959:					fstore.access.fp = NULL;
        -:  960:				}
    #####:  961:				file_size = 0;
        -:  962:
    #####:  963:				if (!fstore.access.fp) {
branch  0 never executed (fallthrough)
branch  1 never executed
    #####:  964:					mg_cry_internal(conn,
call    0 never executed
        -:  965:					                "%s: Cannot create file %s",
        -:  966:					                __func__,
        -:  967:					                path);
        -:  968:				}
        -:  969:			}
        -:  970:#endif /* NO_FILESYSTEMS */
        -:  971:
    #####:  972:			get_block = 0;
    #####:  973:			while (!next) {
branch  0 never executed
branch  1 never executed (fallthrough)
        -:  974:				/* Set "towrite" to the number of bytes available
        -:  975:				 * in the buffer */
    #####:  976:				towrite = (size_t)(buf - hend + buf_fill);
        -:  977:
    #####:  978:				if (towrite < bl + 4) {
branch  0 never executed (fallthrough)
branch  1 never executed
        -:  979:					/* Not enough data stored. */
        -:  980:					/* Incomplete request. */
    #####:  981:					mg_free(boundary);
call    0 never executed
    #####:  982:					return -1;
        -:  983:				}
        -:  984:
        -:  985:				/* Subtract the boundary length, to deal with
        -:  986:				 * cases the boundary is only partially stored
        -:  987:				 * in the buffer. */
    #####:  988:				towrite -= bl + 4;
        -:  989:
    #####:  990:				if (field_storage == MG_FORM_FIELD_STORAGE_GET) {
branch  0 never executed (fallthrough)
branch  1 never executed
    #####:  991:					r = unencoded_field_get(conn,
branch  0 never executed (fallthrough)
branch  1 never executed
branch  2 never executed (fallthrough)
branch  3 never executed
call    4 never executed
        -:  992:					                        ((get_block > 0) ? NULL : nbeg),
        -:  993:					                        ((get_block > 0)
        -:  994:					                             ? 0
    #####:  995:					                             : (size_t)(nend - nbeg)),
        -:  996:					                        hend,
        -:  997:					                        towrite,
        -:  998:					                        fdh);
    #####:  999:					get_block++;
    #####: 1000:					if (r == MG_FORM_FIELD_HANDLE_ABORT) {
branch  0 never executed (fallthrough)
branch  1 never executed
        -: 1001:						/* Stop request handling */
    #####: 1002:						abort_read = 1;
    #####: 1003:						break;
        -: 1004:					}
    #####: 1005:					if (r == MG_FORM_FIELD_HANDLE_NEXT) {
branch  0 never executed (fallthrough)
branch  1 never executed
        -: 1006:						/* Skip to next field */
    #####: 1007:						field_storage = MG_FORM_FIELD_STORAGE_SKIP;
        -: 1008:					}
        -: 1009:				}
        -: 1010:
        -: 1011:#if !defined(NO_FILESYSTEMS)
    #####: 1012:				if (field_storage == MG_FORM_FIELD_STORAGE_STORE) {
branch  0 never executed (fallthrough)
branch  1 never executed
    #####: 1013:					if (fstore.access.fp) {
branch  0 never executed (fallthrough)
branch  1 never executed
        -: 1014:
        -: 1015:						/* Store the content of the buffer. */
    #####: 1016:						n = (size_t)fwrite(hend, 1, towrite, fstore.access.fp);
call    0 never executed
    #####: 1017:						if ((n != towrite) || (ferror(fstore.access.fp))) {
branch  0 never executed (fallthrough)
branch  1 never executed
call    2 never executed
branch  3 never executed (fallthrough)
branch  4 never executed
    #####: 1018:							mg_cry_internal(conn,
call    0 never executed
        -: 1019:							                "%s: Cannot write file %s",
        -: 1020:							                __func__,
        -: 1021:							                path);
    #####: 1022:							mg_fclose(&fstore.access);
call    0 never executed
    #####: 1023:							remove_bad_file(conn, path);
call    0 never executed
        -: 1024:						}
    #####: 1025:						file_size += (int64_t)n;
        -: 1026:					}
        -: 1027:				}
        -: 1028:#endif /* NO_FILESYSTEMS */
        -: 1029:
    #####: 1030:				memmove(buf, hend + towrite, bl + 4);
    #####: 1031:				buf_fill = bl + 4;
    #####: 1032:				hend = buf;
        -: 1033:
        -: 1034:				/* Read new data */
    #####: 1035:				to_read = sizeof(buf) - 1 - buf_fill;
    #####: 1036:				r = mg_read(conn, buf + buf_fill, to_read);
call    0 never executed
    #####: 1037:				if ((r < 0) || ((r == 0) && all_data_read)) {
branch  0 never executed (fallthrough)
branch  1 never executed
branch  2 never executed (fallthrough)
branch  3 never executed
branch  4 never executed (fallthrough)
branch  5 never executed
        -: 1038:#if !defined(NO_FILESYSTEMS)
        -: 1039:					/* read error */
    #####: 1040:					if (fstore.access.fp) {
branch  0 never executed (fallthrough)
branch  1 never executed
    #####: 1041:						mg_fclose(&fstore.access);
call    0 never executed
    #####: 1042:						remove_bad_file(conn, path);
call    0 never executed
        -: 1043:					}
        -: 1044:#endif /* NO_FILESYSTEMS */
    #####: 1045:					mg_free(boundary);
call    0 never executed
    #####: 1046:					return -1;
        -: 1047:				}
        -: 1048:				/* r==0 already handled, all_data_read is false here */
        -: 1049:
    #####: 1050:				buf_fill += r;
    #####: 1051:				buf[buf_fill] = 0;
        -: 1052:				/* buf_fill is at least 8 here */
        -: 1053:
        -: 1054:				/* Find boundary */
    #####: 1055:				next = search_boundary(buf, buf_fill, boundary, bl);
call    0 never executed
        -: 1056:
    #####: 1057:				if (!next && (r == 0)) {
branch  0 never executed (fallthrough)
branch  1 never executed
branch  2 never executed (fallthrough)
branch  3 never executed
        -: 1058:					/* incomplete request */
    #####: 1059:					all_data_read = 1;
        -: 1060:				}
        -: 1061:			}
        -: 1062:
    #####: 1063:			towrite = (next ? (size_t)(next - hend) : 0);
branch  0 never executed (fallthrough)
branch  1 never executed
        -: 1064:
    #####: 1065:			if (field_storage == MG_FORM_FIELD_STORAGE_GET) {
branch  0 never executed (fallthrough)
branch  1 never executed
        -: 1066:				/* Call callback */
    #####: 1067:				r = unencoded_field_get(conn,
branch  0 never executed (fallthrough)
branch  1 never executed
branch  2 never executed (fallthrough)
branch  3 never executed
call    4 never executed
        -: 1068:				                        ((get_block > 0) ? NULL : nbeg),
        -: 1069:				                        ((get_block > 0)
        -: 1070:				                             ? 0
    #####: 1071:				                             : (size_t)(nend - nbeg)),
        -: 1072:				                        hend,
        -: 1073:				                        towrite,
        -: 1074:				                        fdh);
    #####: 1075:				if (r == MG_FORM_FIELD_HANDLE_ABORT) {
branch  0 never executed (fallthrough)
branch  1 never executed
        -: 1076:					/* Stop request handling */
    #####: 1077:					abort_read = 1;
    #####: 1078:					break;
        -: 1079:				}
    #####: 1080:				if (r == MG_FORM_FIELD_HANDLE_NEXT) {
branch  0 never executed (fallthrough)
branch  1 never executed
        -: 1081:					/* Skip to next field */
    #####: 1082:					field_storage = MG_FORM_FIELD_STORAGE_SKIP;
        -: 1083:				}
        -: 1084:			}
        -: 1085:
        -: 1086:#if !defined(NO_FILESYSTEMS)
    #####: 1087:			if (field_storage == MG_FORM_FIELD_STORAGE_STORE) {
branch  0 never executed (fallthrough)
branch  1 never executed
        -: 1088:
    #####: 1089:				if (fstore.access.fp) {
branch  0 never executed (fallthrough)
branch  1 never executed
    #####: 1090:					n = (size_t)fwrite(hend, 1, towrite, fstore.access.fp);
call    0 never executed
    #####: 1091:					if ((n != towrite) || (ferror(fstore.access.fp))) {
branch  0 never executed (fallthrough)
branch  1 never executed
call    2 never executed
branch  3 never executed (fallthrough)
branch  4 never executed
    #####: 1092:						mg_cry_internal(conn,
call    0 never executed
        -: 1093:						                "%s: Cannot write file %s",
        -: 1094:						                __func__,
        -: 1095:						                path);
    #####: 1096:						mg_fclose(&fstore.access);
call    0 never executed
    #####: 1097:						remove_bad_file(conn, path);
call    0 never executed
        -: 1098:					} else {
    #####: 1099:						file_size += (int64_t)n;
    #####: 1100:						r = mg_fclose(&fstore.access);
call    0 never executed
    #####: 1101:						if (r == 0) {
branch  0 never executed (fallthrough)
branch  1 never executed
        -: 1102:							/* stored successfully */
    #####: 1103:							r = field_stored(conn, path, file_size, fdh);
call    0 never executed
    #####: 1104:							if (r == MG_FORM_FIELD_HANDLE_ABORT) {
branch  0 never executed (fallthrough)
branch  1 never executed
        -: 1105:								/* Stop request handling */
    #####: 1106:								abort_read = 1;
    #####: 1107:								break;
        -: 1108:							}
        -: 1109:						} else {
    #####: 1110:							mg_cry_internal(conn,
call    0 never executed
        -: 1111:							                "%s: Error saving file %s",
        -: 1112:							                __func__,
        -: 1113:							                path);
    #####: 1114:							remove_bad_file(conn, path);
call    0 never executed
        -: 1115:						}
        -: 1116:					}
    #####: 1117:					fstore.access.fp = NULL;
        -: 1118:				}
        -: 1119:			}
        -: 1120:#endif /* NO_FILESYSTEMS */
        -: 1121:
    #####: 1122:			if ((field_storage & MG_FORM_FIELD_STORAGE_ABORT)
branch  0 never executed (fallthrough)
branch  1 never executed
        -: 1123:			    == MG_FORM_FIELD_STORAGE_ABORT) {
        -: 1124:				/* Stop parsing the request */
    #####: 1125:				abort_read = 1;
    #####: 1126:				break;
        -: 1127:			}
        -: 1128:
        -: 1129:			/* Remove from the buffer */
    #####: 1130:			if (next) {
branch  0 never executed (fallthrough)
branch  1 never executed
    #####: 1131:				used = next - buf + 2;
    #####: 1132:				memmove(buf, buf + (size_t)used, sizeof(buf) - (size_t)used);
    #####: 1133:				buf_fill -= used;
        -: 1134:			} else {
    #####: 1135:				buf_fill = 0;
        -: 1136:			}
        -: 1137:		}
        -: 1138:
        -: 1139:		/* All parts handled */
    #####: 1140:		mg_free(boundary);
call    0 never executed
    #####: 1141:		return field_count;
        -: 1142:	}
        -: 1143:
        -: 1144:	/* Unknown Content-Type */
    #####: 1145:	return -1;
        -: 1146:}
        -: 1147:
        -: 1148:/* End of handle_form.inl */
