        -:    0:Source:src/http.c
        -:    0:Graph:C:\Users\admin\Desktop\��ҵ���\build\cov_http.gcno
        -:    0:Data:C:\Users\admin\Desktop\��ҵ���\build\cov_http.gcda
        -:    0:Runs:3
        -:    1:#include "app.h"
        -:    2:#include "civetweb.h"
        -:    3:#include <sodium.h>
        -:    4:#include <string.h>
        -:    5:#include <stdio.h>
        -:    6:#include <stdlib.h>
        -:    7:#include <signal.h>
        -:    8:#include <windows.h>
        -:    9:static volatile sig_atomic_t stopping=0;
        -:   10:static unsigned long long app_boot=0;
function on_stop called 1 returned 100% blocks executed 100%
        1:   11:static void on_stop(int sig){(void)sig;stopping=1;}
function invalid called 0 returned 0% blocks executed 0%
    #####:   12:static Result invalid(void){return result(400,"INVALID_INPUT","请求参数不正确",NULL);}
call    0 never executed
function origin_ok called 21 returned 100% blocks executed 67%
       21:   13:static int origin_ok(struct mg_connection *c,const Config *cfg){
       21:   14: char one[80],two[80];snprintf(one,sizeof one,"http://127.0.0.1:%d",cfg->port);snprintf(two,sizeof two,"http://localhost:%d",cfg->port);
      21*:   15: const char *o=mg_get_header(c,"Origin");return !o||!strcmp(o,one)||!strcmp(o,two);
call    0 returned 100%
branch  1 taken 0% (fallthrough)
branch  2 taken 100%
branch  3 never executed (fallthrough)
branch  4 never executed
branch  5 never executed (fallthrough)
branch  6 never executed
        -:   16:}
function host_ok called 49 returned 100% blocks executed 78%
       49:   17:static int host_ok(struct mg_connection *c,const Config *cfg){
       49:   18: char one[80],two[80];snprintf(one,sizeof one,"127.0.0.1:%d",cfg->port);snprintf(two,sizeof two,"localhost:%d",cfg->port);
      49*:   19: const char *h=mg_get_header(c,"Host");return h&&(!strcmp(h,one)||!strcmp(h,two));
call    0 returned 100%
branch  1 taken 100% (fallthrough)
branch  2 taken 0%
branch  3 taken 0% (fallthrough)
branch  4 taken 100%
branch  5 never executed (fallthrough)
branch  6 never executed
        -:   20:}
function user_data called 10 returned 100% blocks executed 100%
       10:   21:static cJSON *user_data(const User *u){cJSON *j=cJSON_CreateObject(),*v=cJSON_CreateObject();jid(v,"id",u->id);cJSON_AddStringToObject(v,"username",u->username);cJSON_AddStringToObject(v,"role",u->admin?"ADMIN":"USER");cJSON_AddItemToObject(j,"user",v);cJSON_AddStringToObject(j,"csrf_token",u->csrf);return j;}
call    0 returned 100%
call    1 returned 100%
call    2 returned 100%
call    3 returned 100%
branch  4 taken 20% (fallthrough)
branch  5 taken 80%
call    6 returned 100%
call    7 returned 100%
call    8 returned 100%
function authenticated called 42 returned 100% blocks executed 89%
       42:   22:static int authenticated(DB *d,struct mg_connection *c,User *u,char hash[65]){
      42*:   23: char token[65];const char *cookie=mg_get_header(c,"Cookie");if(!cookie||mg_get_cookie(cookie,"lab_session",token,sizeof token)!=64)return 0;hash_text(token,hash);
call    0 returned 100%
branch  1 taken 100% (fallthrough)
branch  2 taken 0%
call    3 returned 100%
branch  4 taken 0% (fallthrough)
branch  5 taken 100%
call    6 returned 100%
       42:   24: cJSON *r=db_first(d,"SELECT u.id,u.username,u.role,s.csrf_token FROM sessions s JOIN users u ON u.id=s.user_id WHERE s.token_hash=? AND s.expires_at>? AND u.enabled=1","si",hash,now_sec());
call    0 returned 100%
call    1 returned 100%
      42*:   25: if(!r)return 0;
branch  0 taken 0% (fallthrough)
branch  1 taken 100%
       42:   26: memset(u,0,sizeof *u);parse_id(jstr(r,"id"),&u->id);u->admin=!strcmp(jstr(r,"role"),"ADMIN");snprintf(u->username,sizeof u->username,"%s",jstr(r,"username"));snprintf(u->csrf,sizeof u->csrf,"%s",jstr(r,"csrf_token"));cJSON_Delete(r);return 1;
call    0 returned 100%
call    1 returned 100%
call    2 returned 100%
call    3 returned 100%
call    4 returned 100%
call    5 returned 100%
        -:   27:}
function text_ok called 16 returned 100% blocks executed 88%
      16*:   28:static int text_ok(const char *s,size_t max,int empty){return s&&strlen(s)<=max&&(empty||strlen(s)>0);}
branch  0 taken 100% (fallthrough)
branch  1 taken 0%
branch  2 taken 100% (fallthrough)
branch  3 taken 0%
branch  4 taken 88% (fallthrough)
branch  5 taken 12%
branch  6 taken 100% (fallthrough)
branch  7 taken 0%
function login called 5 returned 100% blocks executed 63%
        5:   29:static Result login(DB *d,const cJSON *body,char cookie[256]){
       5*:   30: const char *name=jstr(body,"username"),*pw=jstr(body,"password");if(!text_ok(name,64,0)||!text_ok(pw,128,0))return invalid();
call    0 returned 100%
call    1 returned 100%
call    2 returned 100%
branch  3 taken 100% (fallthrough)
branch  4 taken 0%
call    5 returned 100%
branch  6 taken 0% (fallthrough)
branch  7 taken 100%
call    8 never executed
       5*:   31: if(!rl_login_gate(name))return result(429,"LOGIN_LOCKED","登录尝试过于频繁，请稍后再试",NULL);
call    0 returned 100%
branch  1 taken 0% (fallthrough)
branch  2 taken 100%
call    3 never executed
        5:   32: cJSON *r=db_first(d,"SELECT id,username,role,password_hash FROM users WHERE username=? AND enabled=1","s",name);
call    0 returned 100%
       5*:   33: if(d->error)return db_failure(d);
branch  0 taken 0% (fallthrough)
branch  1 taken 100%
call    2 never executed
        5:   34: if(!r||crypto_pwhash_str_verify(jstr(r,"password_hash"),pw,strlen(pw))){
branch  0 taken 100% (fallthrough)
branch  1 taken 0%
call    2 returned 100%
call    3 returned 100%
branch  4 taken 0% (fallthrough)
branch  5 taken 100%
    #####:   35:  rl_login_fail(name);
call    0 never executed
    #####:   36:  Id uid=0;
    #####:   37:  if(r&&parse_id(jstr(r,"id"),&uid))db_run(d,"INSERT INTO operation_events(actor_id,action,entity_id,created_at) VALUES(?,?,0,?)","isi",uid,"LOGIN_FAILED",now_sec());
branch  0 never executed (fallthrough)
branch  1 never executed
call    2 never executed
call    3 never executed
branch  4 never executed (fallthrough)
branch  5 never executed
call    6 never executed
call    7 never executed
    #####:   38:  cJSON_Delete(r);return result(401,"UNAUTHORIZED","用户名或密码不正确",NULL);
call    0 never executed
call    1 never executed
        -:   39: }
        5:   40: rl_login_ok(name);
call    0 returned 100%
        5:   41: User u={0};parse_id(jstr(r,"id"),&u.id);u.admin=!strcmp(jstr(r,"role"),"ADMIN");snprintf(u.username,sizeof u.username,"%s",name);cJSON_Delete(r);
call    0 returned 100%
call    1 returned 100%
call    2 returned 100%
call    3 returned 100%
        5:   42: char token[65],hash[65];random_hex(token);hash_text(token,hash);random_hex(u.csrf);
call    0 returned 100%
call    1 returned 100%
call    2 returned 100%
        5:   43: db_run(d,"DELETE FROM sessions WHERE expires_at<?","i",now_sec());
call    0 returned 100%
call    1 returned 100%
       5*:   44: if(!db_run(d,"INSERT INTO sessions(token_hash,user_id,csrf_token,expires_at) VALUES(?,?,?,?)","sisi",hash,u.id,u.csrf,now_sec()+7200))return db_failure(d);
call    0 returned 100%
call    1 returned 100%
branch  2 taken 0% (fallthrough)
branch  3 taken 100%
call    4 never executed
        5:   45: snprintf(cookie,256,"Set-Cookie: lab_session=%s; HttpOnly; SameSite=Strict; Path=/; Max-Age=7200\r\n",token);sodium_memzero(token,sizeof token);
call    0 returned 100%
        5:   46: metrics_inc_login();
call    0 returned 100%
        5:   47: return result(200,"OK","登录成功",user_data(&u));
call    0 returned 100%
call    1 returned 100%
        -:   48:}
function path_id called 2 returned 100% blocks executed 78%
        2:   49:static int path_id(const char *path,const char *prefix,const char *suffix,Id *id){
       2*:   50: size_t a=strlen(prefix),b=strlen(suffix),n=strlen(path);if(n<=a+b||strncmp(path,prefix,a)||strcmp(path+n-b,suffix))return 0;
branch  0 taken 100% (fallthrough)
branch  1 taken 0%
branch  2 taken 100% (fallthrough)
branch  3 taken 0%
branch  4 taken 0% (fallthrough)
branch  5 taken 100%
       2*:   51: size_t len=n-a-b;if(len>18)return 0;char tmp[32];memcpy(tmp,path+a,len);tmp[len]=0;return parse_id(tmp,id);
branch  0 taken 0% (fallthrough)
branch  1 taken 100%
call    2 returned 100%
        -:   52:}
function path_hex called 10 returned 100% blocks executed 44%
       10:   53:static int path_hex(const char *path,const char *prefix,const char *suffix,char *out,size_t n){
      10*:   54: size_t a=strlen(prefix),b=strlen(suffix),len=strlen(path);if(len<=a+b||strncmp(path,prefix,a)||strcmp(path+len-b,suffix))return 0;
branch  0 taken 10% (fallthrough)
branch  1 taken 90%
branch  2 taken 0% (fallthrough)
branch  3 taken 100%
branch  4 never executed (fallthrough)
branch  5 never executed
    #####:   55: size_t need=len-a-b;if(need!=64||need+1>n)return 0;
branch  0 never executed (fallthrough)
branch  1 never executed
branch  2 never executed (fallthrough)
branch  3 never executed
    #####:   56: memcpy(out,path+a,need);out[need]=0;return 1;
        -:   57:}
function query called 28 returned 100% blocks executed 100%
       28:   58:static int query(const struct mg_request_info *ri,const char *key,char *out,size_t n){if(!ri->query_string){out[0]=0;return 0;}return mg_get_var(ri->query_string,strlen(ri->query_string),key,out,n)>0;}
branch  0 taken 7% (fallthrough)
branch  1 taken 93%
call    2 returned 100%
function pager called 8 returned 100% blocks executed 90%
        8:   59:static int pager(const struct mg_request_info *ri,int *page,int *size){
        8:   60: char a[16]={0},b[16]={0};query(ri,"page",a,sizeof a);query(ri,"page_size",b,sizeof b);
call    0 returned 100%
call    1 returned 100%
       8*:   61: int p=page_arg(a,1,1,1000000),s=page_arg(b,20,1,200);if(p<0||s<0)return 0;*page=p;*size=s;return 1;
call    0 returned 100%
call    1 returned 100%
branch  2 taken 100% (fallthrough)
branch  3 taken 0%
branch  4 taken 0% (fallthrough)
branch  5 taken 100%
        -:   62:}
function admin called 4 returned 100% blocks executed 72%
        4:   63:static Result admin(DB *d,const char *path,const cJSON *body){
        4:   64: Id target=0;
        4:   65: if(!strcmp(path,"/api/admin/slots/publish")){
branch  0 taken 50% (fallthrough)
branch  1 taken 50%
        2:   66:  Id lab=0,start=date_start(jstr(body,"start_date")),end=date_start(jstr(body,"end_date")),capacity=1;
call    0 returned 100%
call    1 returned 100%
call    2 returned 100%
call    3 returned 100%
        2:   67:  cJSON *cap=cJSON_GetObjectItemCaseSensitive(body,"capacity");
call    0 returned 100%
       2*:   68:  if(cap&&cJSON_IsString(cap)&&!parse_id(cap->valuestring,&capacity))return invalid();
branch  0 taken 50% (fallthrough)
branch  1 taken 50%
call    2 returned 100%
branch  3 taken 100% (fallthrough)
branch  4 taken 0%
call    5 returned 100%
branch  6 taken 0% (fallthrough)
branch  7 taken 100%
call    8 never executed
       2*:   69:  if(cap&&cJSON_IsNumber(cap))capacity=(Id)cap->valuedouble;
branch  0 taken 50% (fallthrough)
branch  1 taken 50%
call    2 returned 100%
branch  3 taken 0% (fallthrough)
branch  4 taken 100%
       2*:   70:  if(capacity<1||capacity>200)return invalid();
branch  0 taken 100% (fallthrough)
branch  1 taken 0%
branch  2 taken 0% (fallthrough)
branch  3 taken 100%
call    4 never executed
       2*:   71:  if(!parse_id(jstr(body,"lab_id"),&lab)||start<0||end<start||end-start>13*86400)return invalid();
call    0 returned 100%
call    1 returned 100%
branch  2 taken 100% (fallthrough)
branch  3 taken 0%
branch  4 taken 100% (fallthrough)
branch  5 taken 0%
branch  6 taken 100% (fallthrough)
branch  7 taken 0%
branch  8 taken 0% (fallthrough)
branch  9 taken 100%
call   10 never executed
       2*:   72:  if(!db_run(d,"BEGIN IMMEDIATE",""))return db_failure(d);
call    0 returned 100%
branch  1 taken 0% (fallthrough)
branch  2 taken 100%
call    3 never executed
       2*:   73:  if(!db_num(d,"SELECT count(*) FROM labs WHERE id=? AND enabled=1","i",lab)){sqlite3_exec(d->sql,"ROLLBACK",NULL,NULL,NULL);return d->error?db_failure(d):result(409,"STATE_CONFLICT","实验室不存在或已停用",NULL);}
call    0 returned 100%
branch  1 taken 0% (fallthrough)
branch  2 taken 100%
call    3 never executed
branch  4 never executed (fallthrough)
branch  5 never executed
call    6 never executed
call    7 never executed
        2:   74:  int n=publish_slots(d,lab,start,end,capacity);
call    0 returned 100%
       2*:   75:  if(d->error||!db_run(d,"COMMIT","")){sqlite3_exec(d->sql,"ROLLBACK",NULL,NULL,NULL);return db_failure(d);}
branch  0 taken 100% (fallthrough)
branch  1 taken 0%
call    2 returned 100%
branch  3 taken 0% (fallthrough)
branch  4 taken 100%
call    5 never executed
call    6 never executed
        2:   76:  cJSON *j=cJSON_CreateObject();cJSON_AddNumberToObject(j,"created",n);return result(200,"OK","场次发布完成",j);
call    0 returned 100%
call    1 returned 100%
call    2 returned 100%
        -:   77: }
        2:   78: if(!strcmp(path,"/api/admin/labs")||path_id(path,"/api/admin/labs/","/update",&target)){
branch  0 taken 50% (fallthrough)
branch  1 taken 50%
call    2 returned 100%
branch  3 taken 100% (fallthrough)
branch  4 taken 0%
        2:   79:  const char *name=jstr(body,"name"),*loc=jstr(body,"location"),*desc=jstr(body,"description");cJSON *enabled=cJSON_GetObjectItemCaseSensitive(body,"enabled");
call    0 returned 100%
call    1 returned 100%
call    2 returned 100%
call    3 returned 100%
       2*:   80:  if(!text_ok(name,180,0)||!text_ok(loc,180,0)||!text_ok(desc,1000,1)||(target&&!cJSON_IsBool(enabled)))return invalid();
call    0 returned 100%
branch  1 taken 100% (fallthrough)
branch  2 taken 0%
call    3 returned 100%
branch  4 taken 100% (fallthrough)
branch  5 taken 0%
call    6 returned 100%
branch  7 taken 100% (fallthrough)
branch  8 taken 0%
branch  9 taken 50% (fallthrough)
branch 10 taken 50%
call   11 returned 100%
branch 12 taken 0% (fallthrough)
branch 13 taken 100%
call   14 never executed
        2:   81:  int ok;if(target)ok=db_run(d,"UPDATE labs SET name=?,location=?,description=?,enabled=? WHERE id=?","sssii",name,loc,desc,(Id)cJSON_IsTrue(enabled),target);
branch  0 taken 50% (fallthrough)
branch  1 taken 50%
call    2 returned 100%
call    3 returned 100%
        1:   82:  else ok=db_run(d,"INSERT INTO labs(name,location,description) VALUES(?,?,?)","sss",name,loc,desc);
call    0 returned 100%
       2*:   83:  if(!ok){if((d->error&255)==SQLITE_CONSTRAINT){d->error=0;return result(409,"STATE_CONFLICT","实验室名称已存在",NULL);}return db_failure(d);}
branch  0 taken 0% (fallthrough)
branch  1 taken 100%
branch  2 never executed (fallthrough)
branch  3 never executed
call    4 never executed
call    5 never executed
       2*:   84:  if(target&&!sqlite3_changes(d->sql))return result(404,"NOT_FOUND","实验室不存在",NULL);
branch  0 taken 50% (fallthrough)
branch  1 taken 50%
call    2 returned 100%
branch  3 taken 0% (fallthrough)
branch  4 taken 100%
call    5 never executed
        2:   85:  cJSON *j=cJSON_CreateObject();jid(j,"lab_id",target?target:sqlite3_last_insert_rowid(d->sql));return result(200,"OK","实验室已保存",j);
call    0 returned 100%
branch  1 taken 50% (fallthrough)
branch  2 taken 50%
call    3 returned 100%
call    4 returned 100%
call    5 returned 100%
        -:   86: }
    #####:   87: return result(404,"NOT_FOUND","接口不存在",NULL);
call    0 never executed
        -:   88:}
function dispatch called 47 returned 100% blocks executed 70%
       47:   89:static Result dispatch(DB *d,struct mg_connection *c,const Config *cfg,const cJSON *body,char cookie[256]){
       47:   90: const struct mg_request_info *ri=mg_get_request_info(c);const char *path=ri->local_uri;int post=!strcmp(ri->request_method,"POST");
call    0 returned 100%
      47*:   91: if(!strcmp(path,"/api/login"))return post?login(d,body,cookie):result(405,"METHOD_NOT_ALLOWED","请求方法不支持",NULL);
branch  0 taken 11% (fallthrough)
branch  1 taken 89%
branch  2 taken 100% (fallthrough)
branch  3 taken 0%
call    4 returned 100%
call    5 never executed
      42*:   92: User u={0};char tokenhash[65];if(!authenticated(d,c,&u,tokenhash))return d->error?db_failure(d):result(401,"UNAUTHORIZED","请先登录",NULL);
call    0 returned 100%
branch  1 taken 0% (fallthrough)
branch  2 taken 100%
branch  3 never executed (fallthrough)
branch  4 never executed
call    5 never executed
call    6 never executed
      42*:   93: if(post){const char *csrf=mg_get_header(c,"X-CSRF-Token");if(!csrf||strlen(csrf)!=64||sodium_memcmp(csrf,u.csrf,64))return result(403,"CSRF","请求校验失败，请刷新后重试",NULL);
branch  0 taken 38% (fallthrough)
branch  1 taken 62%
call    2 returned 100%
branch  3 taken 100% (fallthrough)
branch  4 taken 0%
branch  5 taken 100% (fallthrough)
branch  6 taken 0%
call    7 returned 100%
branch  8 taken 0% (fallthrough)
branch  9 taken 100%
call   10 never executed
      16*:   94:  if(!rl_consume(u.id))return result(429,"RATE_LIMITED","操作过于频繁，请稍后再试",NULL);}
call    0 returned 100%
branch  1 taken 0% (fallthrough)
branch  2 taken 100%
call    3 never executed
       42:   95: if(!post){
branch  0 taken 62% (fallthrough)
branch  1 taken 38%
       26:   96:  if(!strcmp(path,"/api/me"))return result(200,"OK","查询成功",user_data(&u));
branch  0 taken 19% (fallthrough)
branch  1 taken 81%
call    2 returned 100%
call    3 returned 100%
       21:   97:  if(!strcmp(path,"/api/labs")){cJSON *j=cJSON_CreateObject();cJSON_AddItemToObject(j,"labs",db_rows(d,"SELECT id,name,location,description,enabled FROM labs ORDER BY id",""));return result(200,"OK","查询成功",j);}
branch  0 taken 24% (fallthrough)
branch  1 taken 76%
call    2 returned 100%
call    3 returned 100%
call    4 returned 100%
call    5 returned 100%
       16:   98:  if(!strcmp(path,"/api/slots")){
branch  0 taken 19% (fallthrough)
branch  1 taken 81%
       3*:   99:   char a[40],dt[32];Id lab=0;query(ri,"lab_id",a,sizeof a);query(ri,"date",dt,sizeof dt);Id start=date_start(dt);if(!parse_id(a,&lab)||start<0)return invalid();
call    0 returned 100%
call    1 returned 100%
call    2 returned 100%
call    3 returned 100%
branch  4 taken 100% (fallthrough)
branch  5 taken 0%
branch  6 taken 0% (fallthrough)
branch  7 taken 100%
call    8 never executed
        3:  100:   cJSON *j=cJSON_CreateObject();cJSON_AddItemToObject(j,"slots",db_rows(d,
call    0 returned 100%
call    1 returned 100%
call    2 returned 100%
        -:  101:    "SELECT s.id,s.lab_id,s.start_at,s.end_at,s.enabled,s.capacity,l.enabled AS lab_enabled,(SELECT count(*) FROM reservations r WHERE r.slot_id=s.id AND r.status='CONFIRMED') AS confirmed_count,(SELECT count(*) FROM waitlist w JOIN users wu ON wu.id=w.user_id WHERE w.slot_id=s.id AND w.status='WAITING' AND wu.enabled=1) AS waiting_count,(SELECT id FROM reservations r WHERE r.slot_id=s.id AND r.status='CONFIRMED' AND r.user_id=?) AS my_reservation_id,(SELECT checked_in_at FROM reservations r WHERE r.slot_id=s.id AND r.status='CONFIRMED' AND r.user_id=?) AS my_checked_in_at,(SELECT id FROM waitlist w WHERE w.slot_id=s.id AND w.status='WAITING' AND w.user_id=?) AS my_waitlist_id FROM slots s JOIN labs l ON l.id=s.lab_id WHERE s.lab_id=? AND s.start_at>=? AND s.start_at<? ORDER BY s.start_at",
        -:  102:    "iiiiii",u.id,u.id,u.id,lab,start,start+86400));
        3:  103:   cJSON_AddNumberToObject(j,"checkin_window",(double)cfg->checkin_window);return result(200,"OK","查询成功",j);
call    0 returned 100%
call    1 returned 100%
        -:  104:  }
      13*:  105:  if(!strcmp(path,"/api/me/records")){int pg=1,ps=20;if(!pager(ri,&pg,&ps))return invalid();return records(d,&u,0,0,pg,ps);}
branch  0 taken 46% (fallthrough)
branch  1 taken 54%
call    2 returned 100%
branch  3 taken 0% (fallthrough)
branch  4 taken 100%
call    5 never executed
call    6 returned 100%
       7*:  106:  if(!strcmp(path,"/api/me/notifications")){int pg=1,ps=20;if(!pager(ri,&pg,&ps))return invalid();char uf[8]={0};query(ri,"unread",uf,sizeof uf);return notifications(d,&u,!strcmp(uf,"1")||!strcmp(uf,"true"),pg,ps);}
branch  0 taken 14% (fallthrough)
branch  1 taken 86%
call    2 returned 100%
branch  3 taken 0% (fallthrough)
branch  4 taken 100%
call    5 never executed
call    6 returned 100%
branch  7 taken 100% (fallthrough)
branch  8 taken 0%
branch  9 taken 0% (fallthrough)
branch 10 taken 100%
call   11 returned 100%
        6:  107:  if(!strcmp(path,"/api/me/sessions"))return sessions_list(d,&u,tokenhash);
branch  0 taken 33% (fallthrough)
branch  1 taken 67%
call    2 returned 100%
       4*:  108:  if(!strcmp(path,"/api/admin/records")){if(!u.admin)return result(403,"FORBIDDEN","需要管理员权限",NULL);char dt[32];Id date=0;if(query(ri,"date",dt,sizeof dt)){date=date_start(dt);if(date<0)return invalid();}int pg=1,ps=20;if(!pager(ri,&pg,&ps))return invalid();return records(d,&u,1,date,pg,ps);}
branch  0 taken 25% (fallthrough)
branch  1 taken 75%
branch  2 taken 0% (fallthrough)
branch  3 taken 100%
call    4 never executed
call    5 returned 100%
branch  6 taken 100% (fallthrough)
branch  7 taken 0%
call    8 returned 100%
branch  9 taken 0% (fallthrough)
branch 10 taken 100%
call   11 never executed
call   12 returned 100%
branch 13 taken 0% (fallthrough)
branch 14 taken 100%
call   15 never executed
call   16 returned 100%
        3:  109:  if(!strcmp(path,"/api/admin/stats/export")){
branch  0 taken 33% (fallthrough)
branch  1 taken 67%
       1*:  110:   if(!u.admin)return result(403,"FORBIDDEN","需要管理员权限",NULL);
branch  0 taken 0% (fallthrough)
branch  1 taken 100%
call    2 never executed
       1*:  111:   char s1[32],s2[32];if(!query(ri,"start_date",s1,sizeof s1)||!query(ri,"end_date",s2,sizeof s2))return invalid();
call    0 returned 100%
branch  1 taken 100% (fallthrough)
branch  2 taken 0%
call    3 returned 100%
branch  4 taken 0% (fallthrough)
branch  5 taken 100%
call    6 never executed
       1*:  112:   Id a=date_start(s1),b=date_start(s2);if(a<0||b<a||b-a>30*86400)return invalid();
call    0 returned 100%
call    1 returned 100%
branch  2 taken 100% (fallthrough)
branch  3 taken 0%
branch  4 taken 100% (fallthrough)
branch  5 taken 0%
branch  6 taken 0% (fallthrough)
branch  7 taken 100%
call    8 never executed
        1:  113:   return stats_export(d,a,b);
call    0 returned 100%
        -:  114:  }
        2:  115:  if(!strcmp(path,"/api/admin/stats")){
branch  0 taken 50% (fallthrough)
branch  1 taken 50%
       1*:  116:   if(!u.admin)return result(403,"FORBIDDEN","需要管理员权限",NULL);
branch  0 taken 0% (fallthrough)
branch  1 taken 100%
call    2 never executed
       1*:  117:   char s1[32],s2[32];if(!query(ri,"start_date",s1,sizeof s1)||!query(ri,"end_date",s2,sizeof s2))return invalid();
call    0 returned 100%
branch  1 taken 100% (fallthrough)
branch  2 taken 0%
call    3 returned 100%
branch  4 taken 0% (fallthrough)
branch  5 taken 100%
call    6 never executed
       1*:  118:   Id a=date_start(s1),b=date_start(s2);if(a<0||b<a||b-a>30*86400)return invalid();
call    0 returned 100%
call    1 returned 100%
branch  2 taken 100% (fallthrough)
branch  3 taken 0%
branch  4 taken 100% (fallthrough)
branch  5 taken 0%
branch  6 taken 0% (fallthrough)
branch  7 taken 100%
call    8 never executed
        1:  119:   return stats(d,a,b);
call    0 returned 100%
        -:  120:  }
       1*:  121:  if(!strcmp(path,"/api/admin/metrics")){if(!u.admin)return result(403,"FORBIDDEN","需要管理员权限",NULL);return result(200,"OK","查询成功",metrics_snapshot());}
branch  0 taken 100% (fallthrough)
branch  1 taken 0%
branch  2 taken 0% (fallthrough)
branch  3 taken 100%
call    4 never executed
call    5 returned 100%
call    6 returned 100%
    #####:  122:  return result(404,"NOT_FOUND","接口不存在",NULL);
call    0 never executed
        -:  123: }
       16:  124: if(!strcmp(path,"/api/logout")){db_run(d,"DELETE FROM sessions WHERE token_hash=?","s",tokenhash);strcpy(cookie,"Set-Cookie: lab_session=; HttpOnly; SameSite=Strict; Path=/; Max-Age=0\r\n");return result(200,"OK","已退出",NULL);}
branch  0 taken 19% (fallthrough)
branch  1 taken 81%
call    2 returned 100%
call    3 returned 100%
       13:  125: {char sh[65];const char *k=jstr(body,"request_id");
call    0 returned 100%
      14*:  126:  if(!strcmp(path,"/api/me/password")){if(!uuid_valid(k))return invalid();return password_change(d,&u,jstr(body,"old_password"),jstr(body,"new_password"),tokenhash,k);}
branch  0 taken 15% (fallthrough)
branch  1 taken 85%
call    2 returned 100%
branch  3 taken 0% (fallthrough)
branch  4 taken 100%
call    5 never executed
call    6 returned 100%
call    7 returned 100%
call    8 returned 100%
      11*:  127:  if(!strcmp(path,"/api/me/notifications/read")){if(!uuid_valid(k))return invalid();return notifications_read(d,&u,body,k);}
branch  0 taken 9% (fallthrough)
branch  1 taken 91%
call    2 returned 100%
branch  3 taken 0% (fallthrough)
branch  4 taken 100%
call    5 never executed
call    6 returned 100%
      10*:  128:  if(path_hex(path,"/api/me/sessions/","/revoke",sh,sizeof sh)){if(!uuid_valid(k))return invalid();return session_revoke(d,&u,sh,k);}
call    0 returned 100%
branch  1 taken 0% (fallthrough)
branch  2 taken 100%
call    3 never executed
branch  4 never executed (fallthrough)
branch  5 never executed
call    6 never executed
call    7 never executed
        -:  129: }
      10*:  130: if(!strncmp(path,"/api/admin/",11)){if(!u.admin)return result(403,"FORBIDDEN","需要管理员权限",NULL);return admin(d,path,body);}
branch  0 taken 40%
branch  1 taken 60%
branch  2 taken 0% (fallthrough)
branch  3 taken 100%
call    4 never executed
call    5 returned 100%
        6:  131: const char *action=NULL;Id target=0;
        6:  132: if(!strcmp(path,"/api/reservations")){action="reserve";parse_id(jstr(body,"slot_id"),&target);}
branch  0 taken 67% (fallthrough)
branch  1 taken 33%
call    2 returned 100%
call    3 returned 100%
        2:  133: else if(!strcmp(path,"/api/waitlist")){action="wait";parse_id(jstr(body,"slot_id"),&target);}
branch  0 taken 50% (fallthrough)
branch  1 taken 50%
call    2 returned 100%
call    3 returned 100%
        1:  134: else if(path_id(path,"/api/reservations/","/cancel",&target))action="cancel";
call    0 returned 100%
branch  1 taken 100% (fallthrough)
branch  2 taken 0%
    #####:  135: else if(path_id(path,"/api/reservations/","/checkin",&target))action="checkin";
call    0 never executed
branch  1 never executed (fallthrough)
branch  2 never executed
    #####:  136: else if(path_id(path,"/api/waitlist/","/withdraw",&target))action="withdraw";
call    0 never executed
branch  1 never executed (fallthrough)
branch  2 never executed
    #####:  137: else return result(404,"NOT_FOUND","接口不存在",NULL);
call    0 never executed
       6*:  138: const char *key=jstr(body,"request_id");if(!target||!uuid_valid(key))return invalid();
call    0 returned 100%
branch  1 taken 100% (fallthrough)
branch  2 taken 0%
call    3 returned 100%
branch  4 taken 0% (fallthrough)
branch  5 taken 100%
call    6 never executed
        6:  139: return booking(d,cfg,&u,action,target,key);
call    0 returned 100%
        -:  140:}
function api called 49 returned 100% blocks executed 71%
       49:  141:static int api(struct mg_connection *c,void *userdata){
       49:  142: LARGE_INTEGER mfreq,mt0;QueryPerformanceFrequency(&mfreq);QueryPerformanceCounter(&mt0);
call    0 returned 100%
call    1 returned 100%
       49:  143: const Config *cfg=userdata;const struct mg_request_info *ri=mg_get_request_info(c);Result r={0,NULL};cJSON *body=NULL;char cookie[256]={0};char *raw=NULL,*serialized=NULL;
call    0 returned 100%
      49*:  144: DB *pd=db_thread_get(cfg->db_path);if(!pd){r=result(503,"DATABASE_BUSY","数据库不可用，请稍后重试",NULL);goto send;}
call    0 returned 100%
branch  1 taken 0% (fallthrough)
branch  2 taken 100%
call    3 never executed
      49*:  145: if(!host_ok(c,cfg)){r=result(403,"FORBIDDEN","Host 不被允许",NULL);goto send;}
call    0 returned 100%
branch  1 taken 0% (fallthrough)
branch  2 taken 100%
call    3 never executed
       49:  146: int post=!strcmp(ri->request_method,"POST");
      49*:  147: if(!post&&strcmp(ri->request_method,"GET")){r=result(405,"METHOD_NOT_ALLOWED","请求方法不支持",NULL);goto send;}
branch  0 taken 57% (fallthrough)
branch  1 taken 43%
branch  2 taken 0% (fallthrough)
branch  3 taken 100%
call    4 never executed
       49:  148: if(!post&&!strcmp(ri->local_uri,"/api/health")){cJSON *j=cJSON_CreateObject();cJSON_AddStringToObject(j,"status","ok");cJSON_AddStringToObject(j,"version",LAB_VERSION);cJSON_AddNumberToObject(j,"uptime_s",(double)((GetTickCount64()-app_boot)/1000));r=result(200,"OK","服务运行中",j);goto send;}
branch  0 taken 57% (fallthrough)
branch  1 taken 43%
branch  2 taken 7% (fallthrough)
branch  3 taken 93%
call    4 returned 100%
call    5 returned 100%
call    6 returned 100%
call    7 returned 100%
call    8 returned 100%
call    9 returned 100%
       47:  149: if(post){
branch  0 taken 45% (fallthrough)
branch  1 taken 55%
      21*:  150:  if(!origin_ok(c,cfg)){r=result(403,"FORBIDDEN","来源不被允许",NULL);goto send;}
call    0 returned 100%
branch  1 taken 0% (fallthrough)
branch  2 taken 100%
call    3 never executed
      21*:  151:  if(ri->content_length>16384){r=result(413,"TOO_LARGE","请求体过大",NULL);goto send;}
branch  0 taken 0% (fallthrough)
branch  1 taken 100%
call    2 never executed
       21:  152:  const char *ct=mg_get_header(c,"Content-Type");
call    0 returned 100%
      21*:  153:  if(ri->content_length<=0||!ct||strncmp(ct,"application/json",16)||(ct[16]&&ct[16]!=';'&&ct[16]!=' ')){r=invalid();goto send;}
branch  0 taken 100% (fallthrough)
branch  1 taken 0%
branch  2 taken 100% (fallthrough)
branch  3 taken 0%
branch  4 taken 100% (fallthrough)
branch  5 taken 0%
branch  6 taken 0% (fallthrough)
branch  7 taken 100%
branch  8 never executed (fallthrough)
branch  9 never executed
branch 10 never executed (fallthrough)
branch 11 never executed
call   12 never executed
      21*:  154:  size_t n=(size_t)ri->content_length;raw=malloc(n+1);if(!raw){r=result(500,"INTERNAL_ERROR","内存不足",NULL);goto send;}
branch  0 taken 0% (fallthrough)
branch  1 taken 100%
call    2 never executed
      42*:  155:  size_t got=0;while(got<n){int k=mg_read(c,raw+got,n-got);if(k<=0)break;got+=(size_t)k;}raw[got]=0;
call    0 returned 100%
branch  1 taken 0% (fallthrough)
branch  2 taken 100%
branch  3 taken 50%
branch  4 taken 50% (fallthrough)
       21:  156:  const char *end=NULL;body=cJSON_ParseWithLengthOpts(raw,got+1,&end,1);
call    0 returned 100%
      21*:  157:  if(got!=n||!cJSON_IsObject(body)){r=invalid();goto send;}
branch  0 taken 100% (fallthrough)
branch  1 taken 0%
call    2 returned 100%
branch  3 taken 0% (fallthrough)
branch  4 taken 100%
call    5 never executed
      99*:  158:  for(cJSON *a=body->child;a;a=a->next)for(cJSON *b=a->next;b;b=b->next)if(!strcmp(a->string,b->string)){r=invalid();goto send;}
branch  0 taken 0% (fallthrough)
branch  1 taken 100%
call    2 never executed
branch  3 taken 45%
branch  4 taken 55% (fallthrough)
branch  5 taken 67%
branch  6 taken 33% (fallthrough)
        -:  159: }
       47:  160: r=dispatch(pd,c,cfg,body,cookie);
call    0 returned 100%
      47*:  161: if(pd->error){cJSON_Delete(r.body);r=db_failure(pd);cookie[0]=0;}
branch  0 taken 100% (fallthrough)
branch  1 taken 0%
call    2 never executed
call    3 never executed
       47:  162:send:
       49:  163: db_thread_bad(pd);if(raw){sodium_memzero(raw,strlen(raw));free(raw);}cJSON_Delete(body);
call    0 returned 100%
branch  1 taken 43% (fallthrough)
branch  2 taken 57%
call    3 returned 100%
call    4 returned 100%
      49*:  164: serialized=r.body?cJSON_PrintUnformatted(r.body):NULL;
branch  0 taken 100% (fallthrough)
branch  1 taken 0%
call    2 returned 100%
      49*:  165: if(!serialized){r.status=500;cookie[0]=0;}
branch  0 taken 0% (fallthrough)
branch  1 taken 100%
      49*:  166: const char *out=serialized?serialized:"{\"code\":\"INTERNAL_ERROR\",\"message\":\"Memory error\",\"data\":{}}";
branch  0 taken 100% (fallthrough)
branch  1 taken 0%
       49:  167: mg_printf(c,"HTTP/1.1 %d %s\r\nContent-Type: application/json; charset=utf-8\r\nContent-Length: %lu\r\nCache-Control: no-store\r\nX-Content-Type-Options: nosniff\r\nX-Frame-Options: DENY\r\nContent-Security-Policy: default-src 'self'\r\nReferrer-Policy: no-referrer\r\nConnection: close\r\n%s\r\n",r.status,r.status==200?"OK":"Error",(unsigned long)strlen(out),cookie);mg_write(c,out,strlen(out));cJSON_free(serialized);cJSON_Delete(r.body);
branch  0 taken 98% (fallthrough)
branch  1 taken 2%
call    2 returned 100%
call    3 returned 100%
call    4 returned 100%
call    5 returned 100%
       49:  168: {LARGE_INTEGER mt1;QueryPerformanceCounter(&mt1);double ms=(double)(mt1.QuadPart-mt0.QuadPart)*1000.0/(double)mfreq.QuadPart;metrics_record_request(r.status,ms);
call    0 returned 100%
call    1 returned 100%
      49*:  169:  int lvl=ms>=(double)cfg->slow_ms?2:1;if(r.status>=500)lvl=3;
branch  0 taken 0% (fallthrough)
branch  1 taken 100%
branch  2 taken 0% (fallthrough)
branch  3 taken 100%
       49:  170:  log_write(lvl,"ACCESS %s %s %d %.1fms",ri->request_method,ri->local_uri,r.status,ms);}
call    0 returned 100%
       49:  171: return 1;
        -:  172:}
        -:  173:/* 后台扫描：定期释放超过签到时限仍未签到的预约，并按 FIFO 补位。 */
function sweeper called 1 returned 0% blocks executed 71%
        1:  174:static void *sweeper(void *arg){
        1:  175: const Config *cfg=arg;int waited=0;
        8:  176: while(!stopping){
branch  0 taken 100%
branch  1 taken 0% (fallthrough)
        8:  177:  Sleep(200);waited+=200;
call    0 returned 88%
       7*:  178:  if(waited>=cfg->sweep_interval*1000){waited=0;sweep_once(cfg);}
branch  0 taken 0% (fallthrough)
branch  1 taken 100%
call    2 never executed
        -:  179: }
    #####:  180: return NULL;
        -:  181:}
function sweep_start called 1 returned 100% blocks executed 75%
        1:  182:void sweep_start(const Config *config){
       1*:  183: if(config->sweep_interval<=0)return;
branch  0 taken 0% (fallthrough)
branch  1 taken 100%
        1:  184: mg_start_thread(sweeper,(void*)config);
call    0 returned 100%
        -:  185:}
function serve called 1 returned 100% blocks executed 85%
        1:  186:int serve(const Config *cfg){
        1:  187: char port[48];snprintf(port,sizeof port,"127.0.0.1:%d",cfg->port);
        1:  188: const char *opts[]={"listening_ports",port,"document_root",cfg->web_path,"num_threads","8","enable_directory_listing","no","request_timeout_ms","5000","enable_keep_alive","no",NULL};
        1:  189: struct mg_callbacks callbacks;memset(&callbacks,0,sizeof callbacks);mg_init_library(0);
call    0 returned 100%
        1:  190: rl_configure(cfg);log_init("data/logs/app.log",5*1024*1024);app_boot=GetTickCount64();
call    0 returned 100%
call    1 returned 100%
call    2 returned 100%
        1:  191: rl_configure(cfg);
call    0 returned 100%
       1*:  192: struct mg_context *ctx=mg_start(&callbacks,NULL,opts);if(!ctx){fprintf(stderr,"HTTP server startup failed. Check port and web directory.\n");mg_exit_library();return 1;}
call    0 returned 100%
branch  1 taken 0% (fallthrough)
branch  2 taken 100%
call    3 never executed
call    4 never executed
call    5 never executed
        1:  193: mg_set_request_handler(ctx,"/api",api,(void*)cfg);signal(SIGINT,on_stop);signal(SIGTERM,on_stop);signal(SIGBREAK,on_stop); /* CTRL_BREAK 用于优雅停机（覆盖率数据落盘依赖正常退出） */
call    0 returned 100%
call    1 returned 100%
call    2 returned 100%
call    3 returned 100%
        1:  194: sweep_start(cfg);
call    0 returned 100%
        1:  195: printf("Lab Booking ready: http://127.0.0.1:%d\n",cfg->port);fflush(stdout);
call    0 returned 100%
call    1 returned 100%
call    2 returned 100%
       16:  196: while(!stopping)Sleep(100);
call    0 returned 100%
branch  1 taken 94%
branch  2 taken 6% (fallthrough)
        1:  197: mg_stop(ctx);mg_exit_library();return 0;
call    0 returned 100%
call    1 returned 100%
        -:  198:}
