        -:    0:Source:src/main.c
        -:    0:Graph:C:\Users\admin\Desktop\毕业设计\build\cov_main.gcno
        -:    0:Data:C:\Users\admin\Desktop\毕业设计\build\cov_main.gcda
        -:    0:Runs:3
        -:    1:#include "app.h"
        -:    2:#include <sodium.h>
        -:    3:#include <stdio.h>
        -:    4:#include <stdlib.h>
        -:    5:#include <string.h>
        -:    6:#include <direct.h>
        -:    7:#include <windows.h>
function app_main called 2 returned 100% blocks executed 36%
        2:    8: static int app_main(int argc,char **argv){
        2:    9: Config c={"data/lab.db","web",8080,900,30,30,1,5,900,500,NULL,NULL,NULL};int seed=0,init=0,check=0;
        9:   10: for(int i=1;i<argc;i++){
branch  0 taken 78%
branch  1 taken 22% (fallthrough)
       7*:   11:  if(!strcmp(argv[i],"--seed"))seed=1;else if(!strcmp(argv[i],"--init-only"))init=1;else if(!strcmp(argv[i],"--check"))check=1;
branch  0 taken 14% (fallthrough)
branch  1 taken 86%
branch  2 taken 17% (fallthrough)
branch  3 taken 83%
branch  4 taken 0% (fallthrough)
branch  5 taken 100%
        5:   12:  else if(!strcmp(argv[i],"--db")&&i+1<argc)c.db_path=argv[++i];
branch  0 taken 40% (fallthrough)
branch  1 taken 60%
branch  2 taken 100% (fallthrough)
branch  3 taken 0%
        3:   13:  else if(!strcmp(argv[i],"--web")&&i+1<argc)c.web_path=argv[++i];
branch  0 taken 33% (fallthrough)
branch  1 taken 67%
branch  2 taken 100% (fallthrough)
branch  3 taken 0%
       2*:   14:  else if(!strcmp(argv[i],"--port")&&i+1<argc){Id n=0;if(!parse_id(argv[++i],&n)||n<1024||n>65535){fprintf(stderr,"Port must be 1024..65535\n");return 2;}c.port=(int)n;}
branch  0 taken 50% (fallthrough)
branch  1 taken 50%
branch  2 taken 100% (fallthrough)
branch  3 taken 0%
call    4 returned 100%
branch  5 taken 100% (fallthrough)
branch  6 taken 0%
branch  7 taken 100% (fallthrough)
branch  8 taken 0%
branch  9 taken 0% (fallthrough)
branch 10 taken 100%
call   11 never executed
call   12 never executed
       1*:   15:  else if(!strcmp(argv[i],"--checkin-window")&&i+1<argc){Id n=0;if(!parse_id(argv[++i],&n)||n<1||n>86400){fprintf(stderr,"Check-in window must be 1..86400 seconds\n");return 2;}c.checkin_window=(int)n;}
branch  0 taken 0% (fallthrough)
branch  1 taken 100%
branch  2 never executed (fallthrough)
branch  3 never executed
call    4 never executed
branch  5 never executed (fallthrough)
branch  6 never executed
branch  7 never executed (fallthrough)
branch  8 never executed
branch  9 never executed (fallthrough)
branch 10 never executed
call   11 never executed
call   12 never executed
       1*:   16:  else if(!strcmp(argv[i],"--sweep-interval")&&i+1<argc){Id n=0;if(!parse_id(argv[++i],&n)||n<1||n>3600){fprintf(stderr,"Sweep interval must be 1..3600 seconds\n");return 2;}c.sweep_interval=(int)n;}
branch  0 taken 0% (fallthrough)
branch  1 taken 100%
branch  2 never executed (fallthrough)
branch  3 never executed
call    4 never executed
branch  5 never executed (fallthrough)
branch  6 never executed
branch  7 never executed (fallthrough)
branch  8 never executed
branch  9 never executed (fallthrough)
branch 10 never executed
call   11 never executed
call   12 never executed
       1*:   17:  else if(!strcmp(argv[i],"--rate-burst")&&i+1<argc){Id n=0;if(!parse_id(argv[++i],&n)||n<1||n>100000){fprintf(stderr,"Rate burst must be 1..100000\n");return 2;}c.rate_burst=(int)n;}
branch  0 taken 100% (fallthrough)
branch  1 taken 0%
branch  2 taken 100% (fallthrough)
branch  3 taken 0%
call    4 returned 100%
branch  5 taken 100% (fallthrough)
branch  6 taken 0%
branch  7 taken 100% (fallthrough)
branch  8 taken 0%
branch  9 taken 0% (fallthrough)
branch 10 taken 100%
call   11 never executed
call   12 never executed
    #####:   18:  else if(!strcmp(argv[i],"--rate-refill-sec")&&i+1<argc){Id n=0;if(!parse_id(argv[++i],&n)||n<1||n>3600){fprintf(stderr,"Rate refill must be 1..3600 seconds\n");return 2;}c.rate_refill_sec=(int)n;}
branch  0 never executed (fallthrough)
branch  1 never executed
branch  2 never executed (fallthrough)
branch  3 never executed
call    4 never executed
branch  5 never executed (fallthrough)
branch  6 never executed
branch  7 never executed (fallthrough)
branch  8 never executed
branch  9 never executed (fallthrough)
branch 10 never executed
call   11 never executed
call   12 never executed
    #####:   19:  else if(!strcmp(argv[i],"--login-max-fails")&&i+1<argc){Id n=0;if(!parse_id(argv[++i],&n)||n<1||n>100){fprintf(stderr,"Login max fails must be 1..100\n");return 2;}c.login_max_fails=(int)n;}
branch  0 never executed (fallthrough)
branch  1 never executed
branch  2 never executed (fallthrough)
branch  3 never executed
call    4 never executed
branch  5 never executed (fallthrough)
branch  6 never executed
branch  7 never executed (fallthrough)
branch  8 never executed
branch  9 never executed (fallthrough)
branch 10 never executed
call   11 never executed
call   12 never executed
    #####:   20:  else if(!strcmp(argv[i],"--login-lockout")&&i+1<argc){Id n=0;if(!parse_id(argv[++i],&n)||n<1||n>86400){fprintf(stderr,"Login lockout must be 1..86400 seconds\n");return 2;}c.login_lockout=(int)n;}
branch  0 never executed (fallthrough)
branch  1 never executed
branch  2 never executed (fallthrough)
branch  3 never executed
call    4 never executed
branch  5 never executed (fallthrough)
branch  6 never executed
branch  7 never executed (fallthrough)
branch  8 never executed
branch  9 never executed (fallthrough)
branch 10 never executed
call   11 never executed
call   12 never executed
    #####:   21:  else if(!strcmp(argv[i],"--slow-ms")&&i+1<argc){Id n=0;if(!parse_id(argv[++i],&n)||n>100000){fprintf(stderr,"Slow threshold must be 0..100000 ms\n");return 2;}c.slow_ms=(int)n;}
branch  0 never executed (fallthrough)
branch  1 never executed
branch  2 never executed (fallthrough)
branch  3 never executed
call    4 never executed
branch  5 never executed (fallthrough)
branch  6 never executed
branch  7 never executed (fallthrough)
branch  8 never executed
call    9 never executed
call   10 never executed
    #####:   22:  else if(!strcmp(argv[i],"--backup")&&i+1<argc)c.backup_dest=argv[++i];
branch  0 never executed (fallthrough)
branch  1 never executed
branch  2 never executed (fallthrough)
branch  3 never executed
        -:   23:#ifdef TEST_FAULTS
        -:   24:  else if(!strcmp(argv[i],"--fault")&&i+1<argc)c.fault=argv[++i];
        -:   25:  else if(!strcmp(argv[i],"--fault-request")&&i+1<argc)c.fault_request=argv[++i];
        -:   26:#endif
    #####:   27:  else {fprintf(stderr,"Usage: lab-booking --db FILE --web DIR --port PORT [--checkin-window SEC] [--sweep-interval SEC] [--rate-burst N] [--rate-refill-sec SEC] [--login-max-fails N] [--login-lockout SEC] [--slow-ms MS] [--backup DEST] [--seed --init-only] [--check]\n");return 2;}
call    0 never executed
call    1 never executed
        -:   28: }
       2*:   29: int sweep_mid=c.fault&&!strcmp(c.fault,"sweep-mid");
branch  0 taken 0% (fallthrough)
branch  1 taken 100%
branch  2 never executed (fallthrough)
branch  3 never executed
        2:   30: if(sweep_mid){/* 鎵弿鏁呴殰娉ㄥ叆鏃犻渶璇锋眰缂栧彿 */}
branch  0 taken 100% (fallthrough)
branch  1 taken 0%
       2*:   31: else if((c.fault||c.fault_request)&&(!c.fault||!c.fault_request||!uuid_valid(c.fault_request)||(strcmp(c.fault,"cancel-before-promote")&&strcmp(c.fault,"after-commit"))))return 2;
branch  0 taken 100% (fallthrough)
branch  1 taken 0%
branch  2 taken 0% (fallthrough)
branch  3 taken 100%
branch  4 never executed (fallthrough)
branch  5 never executed
branch  6 never executed (fallthrough)
branch  7 never executed
call    8 never executed
branch  9 never executed (fallthrough)
branch 10 never executed
branch 11 never executed (fallthrough)
branch 12 never executed
branch 13 never executed (fallthrough)
branch 14 never executed
       2*:   32: if(sodium_init()<0){fprintf(stderr,"Crypto initialization failed\n");return 1;}
call    0 returned 100%
branch  1 taken 0% (fallthrough)
branch  2 taken 100%
call    3 never executed
call    4 never executed
        2:   33: _mkdir("data");DB db={0};
call    0 returned 100%
       2*:   34: if(!db_open(&db,c.db_path)){fprintf(stderr,"Cannot open database\n");db_close(&db);return 1;}
call    0 returned 100%
branch  1 taken 0% (fallthrough)
branch  2 taken 100%
call    3 never executed
call    4 never executed
call    5 never executed
       2*:   35: if(db_num(&db,"PRAGMA user_version","")>3){fprintf(stderr,"Unsupported schema version\n");db_close(&db);return 1;}
call    0 returned 100%
branch  1 taken 0% (fallthrough)
branch  2 taken 100%
call    3 never executed
call    4 never executed
call    5 never executed
       2*:   36: if(!db_init(&db)||(seed&&!db_seed(&db,getenv("LAB_SEED_PASSWORD")))||!db_check(&db)){fprintf(stderr,"Database initialization/integrity check failed (code %d).\n",db.error);db_close(&db);return 1;}
call    0 returned 100%
branch  1 taken 100% (fallthrough)
branch  2 taken 0%
branch  3 taken 50% (fallthrough)
branch  4 taken 50%
call    5 returned 100%
call    6 returned 100%
branch  7 taken 100% (fallthrough)
branch  8 taken 0%
call    9 returned 100%
branch 10 taken 0% (fallthrough)
branch 11 taken 100%
call   12 never executed
call   13 never executed
call   14 never executed
       2*:   37: if(!init&&!check&&!db_run(&db,"DELETE FROM sessions WHERE expires_at<?","i",now_sec())){fprintf(stderr,"Session cleanup failed (code %d).\n",db.error);db_close(&db);return 1;}
branch  0 taken 50% (fallthrough)
branch  1 taken 50%
branch  2 taken 100% (fallthrough)
branch  3 taken 0%
call    4 returned 100%
call    5 returned 100%
branch  6 taken 0% (fallthrough)
branch  7 taken 100%
call    8 never executed
call    9 never executed
call   10 never executed
       2*:   38: if(c.backup_dest){int ok=db_backup(c.db_path,c.backup_dest);db_close(&db);printf(ok?"Backup written: %s\n":"Backup failed\n",c.backup_dest);return ok?0:1;}
branch  0 taken 0% (fallthrough)
branch  1 taken 100%
call    2 never executed
call    3 never executed
branch  4 never executed (fallthrough)
branch  5 never executed
call    6 never executed
        2:   39: db_close(&db);if(init||check){puts("Database ready; integrity checks passed.");return 0;}return serve(&c);
call    0 returned 100%
branch  1 taken 50% (fallthrough)
branch  2 taken 50%
branch  3 taken 0% (fallthrough)
branch  4 taken 100%
call    5 returned 100%
call    6 returned 100%
        -:   40:}
function wmain called 2 returned 100% blocks executed 79%
        2:   41:int wmain(int argc,wchar_t **wide){
       2*:   42: char **args=calloc((size_t)argc+1,sizeof *args);if(!args)return 1;
branch  0 taken 0% (fallthrough)
branch  1 taken 100%
        2:   43: int rc=1;
       16:   44: for(int i=0;i<argc;i++){
branch  0 taken 88%
branch  1 taken 12% (fallthrough)
       14:   45:  int n=WideCharToMultiByte(CP_UTF8,WC_ERR_INVALID_CHARS,wide[i],-1,NULL,0,NULL,NULL);
call    0 returned 100%
      14*:   46:  if(!n)goto cleanup;
branch  0 taken 0% (fallthrough)
branch  1 taken 100%
      14*:   47:  args[i]=malloc((size_t)n);if(!args[i])goto cleanup;
branch  0 taken 0% (fallthrough)
branch  1 taken 100%
      14*:   48:  if(!WideCharToMultiByte(CP_UTF8,WC_ERR_INVALID_CHARS,wide[i],-1,args[i],n,NULL,NULL))goto cleanup;
call    0 returned 100%
branch  1 taken 0% (fallthrough)
branch  2 taken 100%
        -:   49: }
        2:   50: rc=app_main(argc,args);
call    0 returned 100%
        2:   51:cleanup:
       16:   52: for(int i=0;i<argc;i++)free(args[i]);
branch  0 taken 88%
branch  1 taken 12% (fallthrough)
        2:   53: free(args);return rc;
        -:   54:}
