        -:    0:Source:src/main.c
        -:    0:Graph:C:\Users\admin\Desktop\��ҵ���\build\cov_main.gcno
        -:    0:Data:C:\Users\admin\Desktop\��ҵ���\build\cov_main.gcda
        -:    0:Runs:7
        -:    1:#include "app.h"
        -:    2:#include <sodium.h>
        -:    3:#include <stdio.h>
        -:    4:#include <stdlib.h>
        -:    5:#include <string.h>
        -:    6:#include <direct.h>
        -:    7:#include <windows.h>
        -:    8:/* -- r12 演示数据：为过去 demo_days 天生成可复现的预约/签到/爽约/候补历史（固定随机种子 42） -- */
function gen_demo called 1 returned 100% blocks executed 86%
        1:    9:static int gen_demo(DB *db,int days,const char *password){
        -:   10: (void)password;
        1:   11: unsigned long long rng=42;
        -:   12: #define DEMO_NEXT() (rng=rng*6364136223846793005ULL+1442695040888963407ULL)
        4:   13: for(int d=days;d>=1;d--){
branch  0 taken 75%
branch  1 taken 25% (fallthrough)
        3:   14:  Id day_start=(now_sec()+28800)/86400*86400-28800-(Id)d*86400; /* 北京当天 0 点 */
call    0 returned 100%
       27:   15:  for(int hour=0;hour<8;hour++){
branch  0 taken 89%
branch  1 taken 11% (fallthrough)
        -:   16:   static const int hours[8]={8,9,10,11,14,15,16,17};
       24:   17:   Id start=day_start+(Id)hours[hour]*3600;
       24:   18:   Id lab=1+(Id)(hour%3); /* 种子只建未来场次，历史场次需自行插入：三个实验室轮换 */
       24:   19:   db_run(db,"INSERT OR IGNORE INTO slots(lab_id,start_at,end_at,enabled,capacity,reminded_at) VALUES(?,?,?,1,2,NULL)","iii",lab,start,start+3600);
call    0 returned 100%
       24:   20:   Id slot=db_num(db,"SELECT id FROM slots WHERE start_at=?","i",start);
call    0 returned 100%
      24*:   21:   if(!slot)continue;
branch  0 taken 0% (fallthrough)
branch  1 taken 100%
       24:   22:   Id capacity=db_num(db,"SELECT capacity FROM slots WHERE id=?","i",slot);
call    0 returned 100%
        -:   23:   /* 2..capacity 人预约 */
       24:   24:   int n=(int)(2+DEMO_NEXT()%((unsigned long long)capacity<3?1:(unsigned long long)capacity-2+1));
      24*:   25:   if(n>(int)capacity)n=(int)capacity;
branch  0 taken 0% (fallthrough)
branch  1 taken 100%
       72:   26:   for(int k=0;k<n;k++){
branch  0 taken 67%
branch  1 taken 33% (fallthrough)
       48:   27:    Id uid=2+(Id)(DEMO_NEXT()%8); /* user01..user08 */
      48*:   28:    if(db_num(db,"SELECT count(*) FROM reservations WHERE slot_id=? AND user_id=?","ii",slot,uid))continue;
call    0 returned 100%
branch  1 taken 0% (fallthrough)
branch  2 taken 100%
       48:   29:    if((int)(DEMO_NEXT()%10)<2)continue; /* 20% 空缺 */
branch  0 taken 23% (fallthrough)
branch  1 taken 77%
      37*:   30:    if(db_num(db,"SELECT count(*) FROM reservations WHERE slot_id=? AND status='CONFIRMED'","i",slot)>=(Id)capacity)break; /* 结构性容量保护：重复生成/序列漂移时也不超容 */
call    0 returned 100%
branch  1 taken 0% (fallthrough)
branch  2 taken 100%
      37*:   31:    if(!db_run(db,"INSERT INTO reservations(user_id,slot_id,status,source,created_at) VALUES(?,?, 'CONFIRMED','DIRECT',?)","iii",uid,slot,start-86400))return 0;
call    0 returned 100%
branch  1 taken 0% (fallthrough)
branch  2 taken 100%
       37:   32:    Id rid=sqlite3_last_insert_rowid(db->sql);
call    0 returned 100%
       37:   33:    unsigned long long roll=DEMO_NEXT()%100;
       37:   34:    if(roll<15){ /* 15% 爽约 */
branch  0 taken 14% (fallthrough)
branch  1 taken 86%
        5:   35:     db_run(db,"UPDATE reservations SET status='CANCELLED',cancelled_at=?,cancel_reason='NO_SHOW' WHERE id=?","ii",start+3600,rid);
call    0 returned 100%
       32:   36:    }else if(roll<75){ /* 60% 签到 */
branch  0 taken 66% (fallthrough)
branch  1 taken 34%
       21:   37:     db_run(db,"UPDATE reservations SET checked_in_at=? WHERE id=?","ii",start+600+ (Id)(DEMO_NEXT()%1800),rid);
call    0 returned 100%
        -:   38:    }else{ /* 25% 已取消 */
       11:   39:     db_run(db,"UPDATE reservations SET status='CANCELLED',cancelled_at=?,cancel_reason='USER' WHERE id=?","ii",start-3600,rid);
call    0 returned 100%
        -:   40:    }
        -:   41:   }
        -:   42:  }
        -:   43: }
        -:   44: #undef DEMO_NEXT
        1:   45: return 1;
        -:   46:}
function app_main called 6 returned 100% blocks executed 30%
        6:   47: int app_main(int argc,char **argv){
        6:   48: Config c={"data/lab.db","web",8080,900,30,30,1,5,900,500,NULL,NULL,NULL,NULL,1800,21600,0,0,0,0,0};int seed=0,init=0,check=0,demo_days=0;
       22:   49: for(int i=1;i<argc;i++){
branch  0 taken 73%
branch  1 taken 27% (fallthrough)
       16:   50:  if(!strcmp(argv[i],"--seed"))seed=1;else if(!strcmp(argv[i],"--init-only"))init=1;else if(!strcmp(argv[i],"--check"))check=1;
branch  0 taken 6% (fallthrough)
branch  1 taken 94%
branch  2 taken 13% (fallthrough)
branch  3 taken 87%
branch  4 taken 8% (fallthrough)
branch  5 taken 92%
       12:   51:  else if(!strcmp(argv[i],"--db")&&i+1<argc)c.db_path=argv[++i];
branch  0 taken 50% (fallthrough)
branch  1 taken 50%
branch  2 taken 100% (fallthrough)
branch  3 taken 0%
        6:   52:  else if(!strcmp(argv[i],"--web")&&i+1<argc)c.web_path=argv[++i];
branch  0 taken 17% (fallthrough)
branch  1 taken 83%
branch  2 taken 100% (fallthrough)
branch  3 taken 0%
       5*:   53:  else if(!strcmp(argv[i],"--port")&&i+1<argc){Id n=0;if(!parse_id(argv[++i],&n)||n<1024||n>65535){fprintf(stderr,"Port must be 1024..65535\n");return 2;}c.port=(int)n;}
branch  0 taken 20% (fallthrough)
branch  1 taken 80%
branch  2 taken 100% (fallthrough)
branch  3 taken 0%
call    4 returned 100%
branch  5 taken 100% (fallthrough)
branch  6 taken 0%
branch  7 taken 100% (fallthrough)
branch  8 taken 0%
branch  9 taken 0% (fallthrough)
branch 10 taken 100%
call   11 never executed
call   12 never executed
       4*:   54:  else if(!strcmp(argv[i],"--checkin-window")&&i+1<argc){Id n=0;if(!parse_id(argv[++i],&n)||n<1||n>86400){fprintf(stderr,"Check-in window must be 1..86400 seconds\n");return 2;}c.checkin_window=(int)n;}
branch  0 taken 0% (fallthrough)
branch  1 taken 100%
branch  2 never executed (fallthrough)
branch  3 never executed
call    4 never executed
branch  5 never executed (fallthrough)
branch  6 never executed
branch  7 never executed (fallthrough)
branch  8 never executed
branch  9 never executed (fallthrough)
branch 10 never executed
call   11 never executed
call   12 never executed
       4*:   55:  else if(!strcmp(argv[i],"--sweep-interval")&&i+1<argc){Id n=0;if(!parse_id(argv[++i],&n)||n<1||n>3600){fprintf(stderr,"Sweep interval must be 1..3600 seconds\n");return 2;}c.sweep_interval=(int)n;}
branch  0 taken 0% (fallthrough)
branch  1 taken 100%
branch  2 never executed (fallthrough)
branch  3 never executed
call    4 never executed
branch  5 never executed (fallthrough)
branch  6 never executed
branch  7 never executed (fallthrough)
branch  8 never executed
branch  9 never executed (fallthrough)
branch 10 never executed
call   11 never executed
call   12 never executed
       4*:   56:  else if(!strcmp(argv[i],"--rate-burst")&&i+1<argc){Id n=0;if(!parse_id(argv[++i],&n)||n<1||n>100000){fprintf(stderr,"Rate burst must be 1..100000\n");return 2;}c.rate_burst=(int)n;}
branch  0 taken 25% (fallthrough)
branch  1 taken 75%
branch  2 taken 100% (fallthrough)
branch  3 taken 0%
call    4 returned 100%
branch  5 taken 100% (fallthrough)
branch  6 taken 0%
branch  7 taken 100% (fallthrough)
branch  8 taken 0%
branch  9 taken 0% (fallthrough)
branch 10 taken 100%
call   11 never executed
call   12 never executed
       3*:   57:  else if(!strcmp(argv[i],"--rate-refill-sec")&&i+1<argc){Id n=0;if(!parse_id(argv[++i],&n)||n<1||n>3600){fprintf(stderr,"Rate refill must be 1..3600 seconds\n");return 2;}c.rate_refill_sec=(int)n;}
branch  0 taken 0% (fallthrough)
branch  1 taken 100%
branch  2 never executed (fallthrough)
branch  3 never executed
call    4 never executed
branch  5 never executed (fallthrough)
branch  6 never executed
branch  7 never executed (fallthrough)
branch  8 never executed
branch  9 never executed (fallthrough)
branch 10 never executed
call   11 never executed
call   12 never executed
       3*:   58:  else if(!strcmp(argv[i],"--login-max-fails")&&i+1<argc){Id n=0;if(!parse_id(argv[++i],&n)||n<1||n>100){fprintf(stderr,"Login max fails must be 1..100\n");return 2;}c.login_max_fails=(int)n;}
branch  0 taken 0% (fallthrough)
branch  1 taken 100%
branch  2 never executed (fallthrough)
branch  3 never executed
call    4 never executed
branch  5 never executed (fallthrough)
branch  6 never executed
branch  7 never executed (fallthrough)
branch  8 never executed
branch  9 never executed (fallthrough)
branch 10 never executed
call   11 never executed
call   12 never executed
       3*:   59:  else if(!strcmp(argv[i],"--login-lockout")&&i+1<argc){Id n=0;if(!parse_id(argv[++i],&n)||n<1||n>86400){fprintf(stderr,"Login lockout must be 1..86400 seconds\n");return 2;}c.login_lockout=(int)n;}
branch  0 taken 0% (fallthrough)
branch  1 taken 100%
branch  2 never executed (fallthrough)
branch  3 never executed
call    4 never executed
branch  5 never executed (fallthrough)
branch  6 never executed
branch  7 never executed (fallthrough)
branch  8 never executed
branch  9 never executed (fallthrough)
branch 10 never executed
call   11 never executed
call   12 never executed
       3*:   60:  else if(!strcmp(argv[i],"--slow-ms")&&i+1<argc){Id n=0;if(!parse_id(argv[++i],&n)||n>100000){fprintf(stderr,"Slow threshold must be 0..100000 ms\n");return 2;}c.slow_ms=(int)n;}
branch  0 taken 0% (fallthrough)
branch  1 taken 100%
branch  2 never executed (fallthrough)
branch  3 never executed
call    4 never executed
branch  5 never executed (fallthrough)
branch  6 never executed
branch  7 never executed (fallthrough)
branch  8 never executed
call    9 never executed
call   10 never executed
        3:   61:  else if(!strcmp(argv[i],"--backup")&&i+1<argc)c.backup_dest=argv[++i];
branch  0 taken 67% (fallthrough)
branch  1 taken 33%
branch  2 taken 100% (fallthrough)
branch  3 taken 0%
       1*:   62:  else if(!strcmp(argv[i],"--remind-sec")&&i+1<argc){const char *v=argv[++i];Id n=0;if(strcmp(v,"0")&&(!parse_id(v,&n)||n>86400)){fprintf(stderr,"Remind seconds must be 0..86400 (0 disables)\n");return 2;}c.remind_sec=(int)n;}
branch  0 taken 0% (fallthrough)
branch  1 taken 100%
branch  2 never executed (fallthrough)
branch  3 never executed
branch  4 never executed (fallthrough)
branch  5 never executed
call    6 never executed
branch  7 never executed (fallthrough)
branch  8 never executed
branch  9 never executed (fallthrough)
branch 10 never executed
call   11 never executed
call   12 never executed
       1*:   63:  else if(!strcmp(argv[i],"--backup-interval")&&i+1<argc){const char *v=argv[++i];Id n=0;if(strcmp(v,"0")&&(!parse_id(v,&n)||n>604800)){fprintf(stderr,"Backup interval must be 0..604800 seconds (0 disables)\n");return 2;}c.backup_interval=(int)n;}
branch  0 taken 0% (fallthrough)
branch  1 taken 100%
branch  2 never executed (fallthrough)
branch  3 never executed
branch  4 never executed (fallthrough)
branch  5 never executed
call    6 never executed
branch  7 never executed (fallthrough)
branch  8 never executed
branch  9 never executed (fallthrough)
branch 10 never executed
call   11 never executed
call   12 never executed
       1*:   64:  else if(!strcmp(argv[i],"--demo-days")&&i+1<argc){Id n=0;if(!parse_id(argv[++i],&n)||n>365){fprintf(stderr,"Demo days must be 1..365\n");return 2;}demo_days=(int)n;}
branch  0 taken 100% (fallthrough)
branch  1 taken 0%
branch  2 taken 100% (fallthrough)
branch  3 taken 0%
call    4 returned 100%
branch  5 taken 100% (fallthrough)
branch  6 taken 0%
branch  7 taken 0% (fallthrough)
branch  8 taken 100%
call    9 never executed
call   10 never executed
    #####:   65:  else if(!strcmp(argv[i],"--quota-weekly")&&i+1<argc){Id n=0;if(!parse_id(argv[++i],&n)||n>100){fprintf(stderr,"Quota weekly must be 0..100\n");return 2;}c.quota_weekly=(int)n;}
branch  0 never executed (fallthrough)
branch  1 never executed
branch  2 never executed (fallthrough)
branch  3 never executed
call    4 never executed
branch  5 never executed (fallthrough)
branch  6 never executed
branch  7 never executed (fallthrough)
branch  8 never executed
call    9 never executed
call   10 never executed
    #####:   66:  else if(!strcmp(argv[i],"--lead-time")&&i+1<argc){Id n=0;if(!parse_id(argv[++i],&n)||n>86400){fprintf(stderr,"Lead time must be 0..86400 seconds\n");return 2;}c.lead_time=(int)n;}
branch  0 never executed (fallthrough)
branch  1 never executed
branch  2 never executed (fallthrough)
branch  3 never executed
call    4 never executed
branch  5 never executed (fallthrough)
branch  6 never executed
branch  7 never executed (fallthrough)
branch  8 never executed
call    9 never executed
call   10 never executed
    #####:   67:  else if(!strcmp(argv[i],"--restore")&&i+1<argc)c.restore_from=argv[++i];
branch  0 never executed (fallthrough)
branch  1 never executed
branch  2 never executed (fallthrough)
branch  3 never executed
        -:   68:  /* r24 新增：HELD 限时保留窗口（0=关闭，保持旧行为）、候补策略、可注入时钟 */
    #####:   69:  else if(!strcmp(argv[i],"--hold-window")&&i+1<argc){const char *v=argv[++i];Id n=0;if(strcmp(v,"0")&&(!parse_id(v,&n)||n>86400)){fprintf(stderr,"Hold window must be 0..86400 seconds (0 disables)\n");return 2;}c.hold_window=(int)n;}
branch  0 never executed (fallthrough)
branch  1 never executed
branch  2 never executed (fallthrough)
branch  3 never executed
branch  4 never executed (fallthrough)
branch  5 never executed
call    6 never executed
branch  7 never executed (fallthrough)
branch  8 never executed
branch  9 never executed (fallthrough)
branch 10 never executed
call   11 never executed
call   12 never executed
    #####:   70:  else if(!strcmp(argv[i],"--waitlist-strategy")&&i+1<argc){const char *v=argv[++i];if(strcmp(v,"strict")&&strcmp(v,"executable")){fprintf(stderr,"Waitlist strategy must be strict or executable\n");return 2;}c.waitlist_strict=!strcmp(v,"strict");}
branch  0 never executed (fallthrough)
branch  1 never executed
branch  2 never executed (fallthrough)
branch  3 never executed
branch  4 never executed (fallthrough)
branch  5 never executed
branch  6 never executed (fallthrough)
branch  7 never executed
call    8 never executed
call    9 never executed
    #####:   71:  else if(!strcmp(argv[i],"--fake-now")&&i+1<argc){Id n=0;if(!parse_id(argv[++i],&n)){fprintf(stderr,"Fake now must be a positive epoch seconds value\n");return 2;}c.fake_now=(long long)n;}
branch  0 never executed (fallthrough)
branch  1 never executed
branch  2 never executed (fallthrough)
branch  3 never executed
call    4 never executed
branch  5 never executed (fallthrough)
branch  6 never executed
call    7 never executed
call    8 never executed
        -:   72:#ifdef TEST_FAULTS
        -:   73:  else if(!strcmp(argv[i],"--fault")&&i+1<argc)c.fault=argv[++i];
        -:   74:  else if(!strcmp(argv[i],"--fault-request")&&i+1<argc)c.fault_request=argv[++i];
        -:   75:#endif
    #####:   76:  else {fprintf(stderr,"Usage: lab-booking --db FILE --web DIR --port PORT [--checkin-window SEC] [--sweep-interval SEC] [--rate-burst N] [--rate-refill-sec SEC] [--login-max-fails N] [--login-lockout SEC] [--slow-ms MS] [--backup DEST] [--remind-sec SEC] [--backup-interval SEC] [--demo-days N] [--seed --init-only] [--check]\n");return 2;}
call    0 never executed
call    1 never executed
        -:   77: }
       6*:   78: int sweep_mid=c.fault&&!strcmp(c.fault,"sweep-mid");
branch  0 taken 0% (fallthrough)
branch  1 taken 100%
branch  2 never executed (fallthrough)
branch  3 never executed
        6:   79: if(sweep_mid){/* 扫描故障注入无需请求编号 */}
branch  0 taken 100% (fallthrough)
branch  1 taken 0%
       6*:   80: else if((c.fault||c.fault_request)&&(!c.fault||!c.fault_request||!uuid_valid(c.fault_request)||(strcmp(c.fault,"cancel-before-promote")&&strcmp(c.fault,"after-commit"))))return 2;
branch  0 taken 100% (fallthrough)
branch  1 taken 0%
branch  2 taken 0% (fallthrough)
branch  3 taken 100%
branch  4 never executed (fallthrough)
branch  5 never executed
branch  6 never executed (fallthrough)
branch  7 never executed
call    8 never executed
branch  9 never executed (fallthrough)
branch 10 never executed
branch 11 never executed (fallthrough)
branch 12 never executed
branch 13 never executed (fallthrough)
branch 14 never executed
       6*:   81: if(sodium_init()<0){fprintf(stderr,"Crypto initialization failed\n");return 1;}
call    0 returned 100%
branch  1 taken 0% (fallthrough)
branch  2 taken 100%
call    3 never executed
call    4 never executed
        6:   82: clock_configure(&c);
call    0 returned 100%
        6:   83: _mkdir("data");DB db={0};
call    0 returned 100%
       6*:   84: if(!db_open(&db,c.db_path)){fprintf(stderr,"Cannot open database\n");db_close(&db);return 1;}
call    0 returned 100%
branch  1 taken 0% (fallthrough)
branch  2 taken 100%
call    3 never executed
call    4 never executed
call    5 never executed
       6*:   85: if(db_num(&db,"PRAGMA user_version","")>5){fprintf(stderr,"Unsupported schema version\n");db_close(&db);return 1;} /* r24：支持到 v5 */
call    0 returned 100%
branch  1 taken 0% (fallthrough)
branch  2 taken 100%
call    3 never executed
call    4 never executed
call    5 never executed
       6*:   86: if(!db_init(&db)||(seed&&!db_seed(&db,getenv("LAB_SEED_PASSWORD")))||!db_check(&db)){fprintf(stderr,"Database initialization/integrity check failed (code %d).\n",db.error);db_close(&db);return 1;}
call    0 returned 100%
branch  1 taken 100% (fallthrough)
branch  2 taken 0%
branch  3 taken 17% (fallthrough)
branch  4 taken 83%
call    5 returned 100%
call    6 returned 100%
branch  7 taken 100% (fallthrough)
branch  8 taken 0%
call    9 returned 100%
branch 10 taken 0% (fallthrough)
branch 11 taken 100%
call   12 never executed
call   13 never executed
call   14 never executed
       6*:   87: if(demo_days>0){if(!gen_demo(&db,demo_days,getenv("LAB_SEED_PASSWORD"))){fprintf(stderr,"Demo data generation failed\n");db_close(&db);return 1;}printf("Demo history generated for past %d days.\n",demo_days);}
branch  0 taken 17% (fallthrough)
branch  1 taken 83%
call    2 returned 100%
call    3 returned 100%
branch  4 taken 0% (fallthrough)
branch  5 taken 100%
call    6 never executed
call    7 never executed
call    8 never executed
call    9 returned 100%
       6*:   88: if(!init&&!check&&!db_run(&db,"DELETE FROM sessions WHERE expires_at<?","i",now_sec())){fprintf(stderr,"Session cleanup failed (code %d).\n",db.error);db_close(&db);return 1;}
branch  0 taken 67% (fallthrough)
branch  1 taken 33%
branch  2 taken 75% (fallthrough)
branch  3 taken 25%
call    4 returned 100%
call    5 returned 100%
branch  6 taken 0% (fallthrough)
branch  7 taken 100%
call    8 never executed
call    9 never executed
call   10 never executed
        6:   89: if(c.restore_from){ /* r17 恢复：备份文件灌回主库并验证完整性 */
branch  0 taken 0% (fallthrough)
branch  1 taken 100%
    #####:   90:  DB src={0};
    #####:   91:  if(!db_open(&src,c.restore_from)){fprintf(stderr,"Cannot open backup file: %s\n",c.restore_from);db_close(&db);return 1;}
call    0 never executed
branch  1 never executed (fallthrough)
branch  2 never executed
call    3 never executed
call    4 never executed
call    5 never executed
    #####:   92:  db_close(&src);
call    0 never executed
    #####:   93:  int ok=db_backup(c.restore_from,c.db_path);
call    0 never executed
    #####:   94:  if(ok){DB v={0};if(db_open(&v,c.db_path)){cJSON *ic=db_first(&v,"PRAGMA integrity_check","");ok=ic&&jstr(ic,"integrity_check")&&!strcmp(jstr(ic,"integrity_check"),"ok");printf("Restore integrity_check=%s\n",ic&&jstr(ic,"integrity_check")?jstr(ic,"integrity_check"):"?");cJSON_Delete(ic);db_close(&v);}else ok=0;}
branch  0 never executed (fallthrough)
branch  1 never executed
call    2 never executed
branch  3 never executed (fallthrough)
branch  4 never executed
call    5 never executed
branch  6 never executed (fallthrough)
branch  7 never executed
call    8 never executed
branch  9 never executed (fallthrough)
branch 10 never executed
call   11 never executed
branch 12 never executed (fallthrough)
branch 13 never executed
branch 14 never executed (fallthrough)
branch 15 never executed
call   16 never executed
branch 17 never executed (fallthrough)
branch 18 never executed
call   19 never executed
call   20 never executed
call   21 never executed
call   22 never executed
    #####:   95:  printf(ok?"Restored %s from %s\n":"Restore failed\n",c.db_path,c.restore_from);
branch  0 never executed (fallthrough)
branch  1 never executed
call    2 never executed
    #####:   96:  db_close(&db);return ok?0:1;
call    0 never executed
        -:   97: }
       6*:   98: if(c.backup_dest){int ok=db_backup(c.db_path,c.backup_dest);db_close(&db);printf(ok?"Backup written: %s\n":"Backup failed\n",c.backup_dest);return ok?0:1;}
branch  0 taken 33% (fallthrough)
branch  1 taken 67%
call    2 returned 100%
call    3 returned 100%
branch  4 taken 100% (fallthrough)
branch  5 taken 0%
call    6 returned 100%
        4:   99: db_close(&db);if(init||check){puts("Database ready; integrity checks passed.");return 0;}return serve(&c);
call    0 returned 100%
branch  1 taken 50% (fallthrough)
branch  2 taken 50%
branch  3 taken 50% (fallthrough)
branch  4 taken 50%
call    5 returned 100%
call    6 returned 100%
        -:  100:}
function wmain called 6 returned 100% blocks executed 79%
        6:  101:int wmain(int argc,wchar_t **wide){
       6*:  102: char **args=calloc((size_t)argc+1,sizeof *args);if(!args)return 1;
branch  0 taken 0% (fallthrough)
branch  1 taken 100%
        6:  103: int rc=1;
       40:  104: for(int i=0;i<argc;i++){
branch  0 taken 85%
branch  1 taken 15% (fallthrough)
       34:  105:  int n=WideCharToMultiByte(CP_UTF8,WC_ERR_INVALID_CHARS,wide[i],-1,NULL,0,NULL,NULL);
call    0 returned 100%
      34*:  106:  if(!n)goto cleanup;
branch  0 taken 0% (fallthrough)
branch  1 taken 100%
      34*:  107:  args[i]=malloc((size_t)n);if(!args[i])goto cleanup;
branch  0 taken 0% (fallthrough)
branch  1 taken 100%
      34*:  108:  if(!WideCharToMultiByte(CP_UTF8,WC_ERR_INVALID_CHARS,wide[i],-1,args[i],n,NULL,NULL))goto cleanup;
call    0 returned 100%
branch  1 taken 0% (fallthrough)
branch  2 taken 100%
        -:  109: }
        6:  110: rc=app_main(argc,args);
call    0 returned 100%
        6:  111:cleanup:
       40:  112: for(int i=0;i<argc;i++)free(args[i]);
branch  0 taken 85%
branch  1 taken 15% (fallthrough)
        6:  113: free(args);return rc;
        -:  114:}
