        -:    0:Source:src/metrics.c
        -:    0:Graph:C:\Users\admin\Desktop\��ҵ���\build\cov_metrics.gcno
        -:    0:Data:C:\Users\admin\Desktop\��ҵ���\build\cov_metrics.gcda
        -:    0:Runs:3
        -:    1:/* r5/metrics：进程内存态性能指标（无锁原子计数 + 延迟直方图），重启清零。 */
        -:    2:#include "app.h"
        -:    3:#include <windows.h>
        -:    4:#define METRIC_BUCKETS 12 /* 11 个边界桶 + 1 个溢出桶 */
        -:    5:static const double bucket_max[]={1.0,2.0,5.0,10.0,20.0,50.0,100.0,200.0,500.0,1000.0,2000.0};
        -:    6:static volatile LONG64 g_requests=0,g_ok=0,g_4xx=0,g_5xx=0,g_busy=0,g_logins=0;
        -:    7:static volatile LONG64 g_count=0,g_sum_us=0,g_max_us=0;
        -:    8:static volatile LONG64 g_buckets[METRIC_BUCKETS];
function metrics_init called 0 returned 0% blocks executed 0%
    #####:    9:void metrics_init(void){ /* 静态零初始化已满足，本函数保留以便将来显式重置 */ }
function metrics_inc_login called 5 returned 100% blocks executed 100%
        5:   10:void metrics_inc_login(void){InterlockedIncrement64(&g_logins);}
function metrics_record_request called 49 returned 100% blocks executed 79%
       49:   11:void metrics_record_request(int status,double elapsed_ms){
        -:   12: InterlockedIncrement64(&g_requests);
       97:   13: if(status>=200&&status<300)InterlockedIncrement64(&g_ok);
branch  0 taken 100% (fallthrough)
branch  1 taken 0%
branch  2 taken 98% (fallthrough)
branch  3 taken 2%
        2:   14: else if(status>=400&&status<500)InterlockedIncrement64(&g_4xx);
branch  0 taken 100% (fallthrough)
branch  1 taken 0%
branch  2 taken 100% (fallthrough)
branch  3 taken 0%
    #####:   15: else if(status>=500)InterlockedIncrement64(&g_5xx);
branch  0 never executed (fallthrough)
branch  1 never executed
       49:   16: if(status==503)InterlockedIncrement64(&g_busy);
branch  0 taken 0% (fallthrough)
branch  1 taken 100%
       49:   17: LONG64 us=(LONG64)(elapsed_ms*1000.0);
        -:   18: InterlockedIncrement64(&g_count);
        -:   19: InterlockedExchangeAdd64(&g_sum_us,us);
      53*:   20: LONG64 cur=g_max_us;while(us>cur){if(InterlockedCompareExchange64(&g_max_us,us,cur)==cur)break;cur=g_max_us;}
branch  0 taken 100% (fallthrough)
branch  1 taken 0%
branch  2 taken 8%
branch  3 taken 92% (fallthrough)
      120:   21: int b=METRIC_BUCKETS-1;for(int i=0;i<METRIC_BUCKETS-1;i++)if(elapsed_ms<=bucket_max[i]){b=i;break;}
branch  0 taken 41% (fallthrough)
branch  1 taken 59%
branch  2 taken 100%
branch  3 taken 0% (fallthrough)
       49:   22: InterlockedIncrement64(&g_buckets[b]);
       49:   23:}
function metrics_snapshot called 1 returned 100% blocks executed 87%
        1:   24:cJSON *metrics_snapshot(void){
        1:   25: cJSON *root=cJSON_CreateObject(),*ctr=cJSON_CreateObject(),*lat=cJSON_CreateObject();
call    0 returned 100%
call    1 returned 100%
call    2 returned 100%
       1*:   26: if(!root||!ctr||!lat){cJSON_Delete(root);cJSON_Delete(ctr);cJSON_Delete(lat);return NULL;}
branch  0 taken 100% (fallthrough)
branch  1 taken 0%
branch  2 taken 100% (fallthrough)
branch  3 taken 0%
branch  4 taken 0% (fallthrough)
branch  5 taken 100%
call    6 never executed
call    7 never executed
call    8 never executed
        1:   27: cJSON_AddNumberToObject(ctr,"requests_total",(double)g_requests);
call    0 returned 100%
        1:   28: cJSON_AddNumberToObject(ctr,"ok_2xx",(double)g_ok);
call    0 returned 100%
        1:   29: cJSON_AddNumberToObject(ctr,"err_4xx",(double)g_4xx);
call    0 returned 100%
        1:   30: cJSON_AddNumberToObject(ctr,"err_5xx",(double)g_5xx);
call    0 returned 100%
        1:   31: cJSON_AddNumberToObject(ctr,"db_busy_503",(double)g_busy);
call    0 returned 100%
        1:   32: cJSON_AddNumberToObject(ctr,"logins",(double)g_logins);
call    0 returned 100%
        1:   33: cJSON_AddNumberToObject(lat,"count",(double)g_count);
call    0 returned 100%
        1:   34: cJSON_AddNumberToObject(lat,"sum",(double)g_sum_us/1000.0);
call    0 returned 100%
        1:   35: cJSON_AddNumberToObject(lat,"max",(double)g_max_us/1000.0);
call    0 returned 100%
       13:   36: cJSON *bk=cJSON_CreateArray();for(int i=0;i<METRIC_BUCKETS;i++)cJSON_AddItemToArray(bk,cJSON_CreateNumber((double)g_buckets[i]));
call    0 returned 100%
call    1 returned 100%
call    2 returned 100%
branch  3 taken 92%
branch  4 taken 8% (fallthrough)
        1:   37: cJSON_AddItemToObject(lat,"buckets",bk);
call    0 returned 100%
        1:   38: cJSON_AddItemToObject(root,"counters",ctr);
call    0 returned 100%
        1:   39: cJSON_AddItemToObject(root,"latency_ms",lat);
call    0 returned 100%
        1:   40: return root;
        -:   41:}
